[2018-01-22T16:12:13.574] [ERROR] errorLogger - 
***************  node error log start ***************
request url: /role/edit
request method: POST
request client ip:  ::ffff:127.0.0.1
err name: SyntaxError
err message: Unexpected end of JSON input
err stack: SyntaxError: Unexpected end of JSON input
    at JSON.parse (<anonymous>)
    at Object.exports.strToArray.str [as strToArray] (/Users/user/workspace/hotel_server/utils/dataUtil.js:4:26)
    at RolePower.destroy.then (/Users/user/workspace/hotel_server/controller/role.js:149:39)
    at tryCatcher (/Users/user/workspace/hotel_server/node_modules/bluebird/js/release/util.js:16:23)
    at Promise._settlePromiseFromHandler (/Users/user/workspace/hotel_server/node_modules/bluebird/js/release/promise.js:512:31)
    at Promise._settlePromise (/Users/user/workspace/hotel_server/node_modules/bluebird/js/release/promise.js:569:18)
    at Promise._settlePromise0 (/Users/user/workspace/hotel_server/node_modules/bluebird/js/release/promise.js:614:10)
    at Promise._settlePromises (/Users/user/workspace/hotel_server/node_modules/bluebird/js/release/promise.js:693:18)
    at Async._drainQueue (/Users/user/workspace/hotel_server/node_modules/bluebird/js/release/async.js:133:16)
    at Async._drainQueues (/Users/user/workspace/hotel_server/node_modules/bluebird/js/release/async.js:143:10)
    at Immediate.Async.drainQueues (/Users/user/workspace/hotel_server/node_modules/bluebird/js/release/async.js:17:14)
    at runCallback (timers.js:789:20)
    at tryOnImmediate (timers.js:751:5)
    at processImmediate [as _immediateCallback] (timers.js:722:5)
***************  node  error log end ***************

[2018-01-22T16:12:57.103] [ERROR] errorLogger - 
***************  node error log start ***************
request url: /role/edit
request method: POST
request client ip:  ::ffff:127.0.0.1
err name: SyntaxError
err message: Unexpected end of JSON input
err stack: SyntaxError: Unexpected end of JSON input
    at JSON.parse (<anonymous>)
    at Object.exports.strToArray.str [as strToArray] (/Users/user/workspace/hotel_server/utils/dataUtil.js:4:26)
    at RolePower.destroy.then (/Users/user/workspace/hotel_server/controller/role.js:149:41)
    at tryCatcher (/Users/user/workspace/hotel_server/node_modules/bluebird/js/release/util.js:16:23)
    at Promise._settlePromiseFromHandler (/Users/user/workspace/hotel_server/node_modules/bluebird/js/release/promise.js:512:31)
    at Promise._settlePromise (/Users/user/workspace/hotel_server/node_modules/bluebird/js/release/promise.js:569:18)
    at Promise._settlePromise0 (/Users/user/workspace/hotel_server/node_modules/bluebird/js/release/promise.js:614:10)
    at Promise._settlePromises (/Users/user/workspace/hotel_server/node_modules/bluebird/js/release/promise.js:693:18)
    at Async._drainQueue (/Users/user/workspace/hotel_server/node_modules/bluebird/js/release/async.js:133:16)
    at Async._drainQueues (/Users/user/workspace/hotel_server/node_modules/bluebird/js/release/async.js:143:10)
    at Immediate.Async.drainQueues (/Users/user/workspace/hotel_server/node_modules/bluebird/js/release/async.js:17:14)
    at runCallback (timers.js:789:20)
    at tryOnImmediate (timers.js:751:5)
    at processImmediate [as _immediateCallback] (timers.js:722:5)
***************  node  error log end ***************

[2018-01-22T16:14:51.167] [ERROR] errorLogger - 
***************  node error log start ***************
request url: /role/edit
request method: POST
request client ip:  ::ffff:127.0.0.1
err name: SyntaxError
err message: Unexpected end of JSON input
err stack: SyntaxError: Unexpected end of JSON input
    at JSON.parse (<anonymous>)
    at Object.exports.strToArray.str [as strToArray] (/Users/user/workspace/hotel_server/utils/dataUtil.js:4:26)
    at RolePower.destroy.then (/Users/user/workspace/hotel_server/controller/role.js:149:41)
    at tryCatcher (/Users/user/workspace/hotel_server/node_modules/bluebird/js/release/util.js:16:23)
    at Promise._settlePromiseFromHandler (/Users/user/workspace/hotel_server/node_modules/bluebird/js/release/promise.js:512:31)
    at Promise._settlePromise (/Users/user/workspace/hotel_server/node_modules/bluebird/js/release/promise.js:569:18)
    at Promise._settlePromise0 (/Users/user/workspace/hotel_server/node_modules/bluebird/js/release/promise.js:614:10)
    at Promise._settlePromises (/Users/user/workspace/hotel_server/node_modules/bluebird/js/release/promise.js:693:18)
    at Async._drainQueue (/Users/user/workspace/hotel_server/node_modules/bluebird/js/release/async.js:133:16)
    at Async._drainQueues (/Users/user/workspace/hotel_server/node_modules/bluebird/js/release/async.js:143:10)
    at Immediate.Async.drainQueues (/Users/user/workspace/hotel_server/node_modules/bluebird/js/release/async.js:17:14)
    at runCallback (timers.js:789:20)
    at tryOnImmediate (timers.js:751:5)
    at processImmediate [as _immediateCallback] (timers.js:722:5)
***************  node  error log end ***************

[2018-01-22T16:16:22.686] [ERROR] errorLogger - 
***************  node error log start ***************
request url: /role/edit
request method: POST
request client ip:  ::ffff:127.0.0.1
err name: SyntaxError
err message: Unexpected end of JSON input
err stack: SyntaxError: Unexpected end of JSON input
    at JSON.parse (<anonymous>)
    at Object.exports.strToArray.str [as strToArray] (/Users/user/workspace/hotel_server/utils/dataUtil.js:4:26)
    at RolePower.destroy.then (/Users/user/workspace/hotel_server/controller/role.js:149:41)
    at tryCatcher (/Users/user/workspace/hotel_server/node_modules/bluebird/js/release/util.js:16:23)
    at Promise._settlePromiseFromHandler (/Users/user/workspace/hotel_server/node_modules/bluebird/js/release/promise.js:512:31)
    at Promise._settlePromise (/Users/user/workspace/hotel_server/node_modules/bluebird/js/release/promise.js:569:18)
    at Promise._settlePromise0 (/Users/user/workspace/hotel_server/node_modules/bluebird/js/release/promise.js:614:10)
    at Promise._settlePromises (/Users/user/workspace/hotel_server/node_modules/bluebird/js/release/promise.js:693:18)
    at Async._drainQueue (/Users/user/workspace/hotel_server/node_modules/bluebird/js/release/async.js:133:16)
    at Async._drainQueues (/Users/user/workspace/hotel_server/node_modules/bluebird/js/release/async.js:143:10)
    at Immediate.Async.drainQueues (/Users/user/workspace/hotel_server/node_modules/bluebird/js/release/async.js:17:14)
    at runCallback (timers.js:789:20)
    at tryOnImmediate (timers.js:751:5)
    at processImmediate [as _immediateCallback] (timers.js:722:5)
***************  node  error log end ***************

[2018-01-22T16:27:05.510] [ERROR] errorLogger - 
***************  node error log start ***************
request url: /role/delete
request method: POST
request client ip:  ::ffff:127.0.0.1
err name: SequelizeDatabaseError
err message: Unknown column 'NaN' in 'where clause'
err stack: SequelizeDatabaseError: Unknown column 'NaN' in 'where clause'
    at Query.formatError (/Users/user/workspace/hotel_server/node_modules/sequelize/lib/dialects/mysql/query.js:228:16)
    at Query.connection.query [as onResult] (/Users/user/workspace/hotel_server/node_modules/sequelize/lib/dialects/mysql/query.js:55:23)
    at Query.Command.execute (/Users/user/workspace/hotel_server/node_modules/mysql2/lib/commands/command.js:30:12)
    at Connection.handlePacket (/Users/user/workspace/hotel_server/node_modules/mysql2/lib/connection.js:515:28)
    at PacketParser.onPacket (/Users/user/workspace/hotel_server/node_modules/mysql2/lib/connection.js:94:16)
    at PacketParser.executeStart (/Users/user/workspace/hotel_server/node_modules/mysql2/lib/packet_parser.js:77:14)
    at Socket.<anonymous> (/Users/user/workspace/hotel_server/node_modules/mysql2/lib/connection.js:102:29)
    at emitOne (events.js:116:13)
    at Socket.emit (events.js:211:7)
    at addChunk (_stream_readable.js:263:12)
    at readableAddChunk (_stream_readable.js:250:11)
    at Socket.Readable.push (_stream_readable.js:208:10)
    at TCP.onread (net.js:594:20)
***************  node  error log end ***************

[2018-01-22T16:27:59.699] [ERROR] errorLogger - 
***************  node error log start ***************
request url: /role/delete
request method: POST
request client ip:  ::ffff:127.0.0.1
err name: SequelizeDatabaseError
err message: Unknown column 'NaN' in 'where clause'
err stack: SequelizeDatabaseError: Unknown column 'NaN' in 'where clause'
    at Query.formatError (/Users/user/workspace/hotel_server/node_modules/sequelize/lib/dialects/mysql/query.js:228:16)
    at Query.connection.query [as onResult] (/Users/user/workspace/hotel_server/node_modules/sequelize/lib/dialects/mysql/query.js:55:23)
    at Query.Command.execute (/Users/user/workspace/hotel_server/node_modules/mysql2/lib/commands/command.js:30:12)
    at Connection.handlePacket (/Users/user/workspace/hotel_server/node_modules/mysql2/lib/connection.js:515:28)
    at PacketParser.onPacket (/Users/user/workspace/hotel_server/node_modules/mysql2/lib/connection.js:94:16)
    at PacketParser.executeStart (/Users/user/workspace/hotel_server/node_modules/mysql2/lib/packet_parser.js:77:14)
    at Socket.<anonymous> (/Users/user/workspace/hotel_server/node_modules/mysql2/lib/connection.js:102:29)
    at emitOne (events.js:116:13)
    at Socket.emit (events.js:211:7)
    at addChunk (_stream_readable.js:263:12)
    at readableAddChunk (_stream_readable.js:250:11)
    at Socket.Readable.push (_stream_readable.js:208:10)
    at TCP.onread (net.js:594:20)
***************  node  error log end ***************

[2018-01-22T20:16:30.573] [ERROR] errorLogger - 
***************  node error log start ***************
request url: /roomarticle/add
request method: POST
request client ip:  ::ffff:127.0.0.1
err name: ReferenceError
err message: id is not defined
err stack: ReferenceError: id is not defined
    at RoomArticle.findOne.then.result (/Users/user/workspace/hotel_server/controller/roomArticle.js:31:50)
    at tryCatcher (/Users/user/workspace/hotel_server/node_modules/bluebird/js/release/util.js:16:23)
    at Promise._settlePromiseFromHandler (/Users/user/workspace/hotel_server/node_modules/bluebird/js/release/promise.js:512:31)
    at Promise._settlePromise (/Users/user/workspace/hotel_server/node_modules/bluebird/js/release/promise.js:569:18)
    at Promise._settlePromise0 (/Users/user/workspace/hotel_server/node_modules/bluebird/js/release/promise.js:614:10)
    at Promise._settlePromises (/Users/user/workspace/hotel_server/node_modules/bluebird/js/release/promise.js:693:18)
    at Async._drainQueue (/Users/user/workspace/hotel_server/node_modules/bluebird/js/release/async.js:133:16)
    at Async._drainQueues (/Users/user/workspace/hotel_server/node_modules/bluebird/js/release/async.js:143:10)
    at Immediate.Async.drainQueues (/Users/user/workspace/hotel_server/node_modules/bluebird/js/release/async.js:17:14)
    at runCallback (timers.js:789:20)
    at tryOnImmediate (timers.js:751:5)
    at processImmediate [as _immediateCallback] (timers.js:722:5)
***************  node  error log end ***************

