[2017-12-06T17:15:12.668] [ERROR] errorLogger - 
***************  node error log start ***************
request url: /users/doLogin
request method: POST
request client ip:  ::1
err name: TypeError
err message: console.logs is not a function
err stack: TypeError: console.logs is not a function
    at Employee.findAll.then.result (/Users/user/workspace/hotel_server/controller/user.js:25:15)
    at tryCatcher (/Users/user/workspace/hotel_server/node_modules/bluebird/js/release/util.js:16:23)
    at Promise._settlePromiseFromHandler (/Users/user/workspace/hotel_server/node_modules/bluebird/js/release/promise.js:512:31)
    at Promise._settlePromise (/Users/user/workspace/hotel_server/node_modules/bluebird/js/release/promise.js:569:18)
    at Promise._settlePromise0 (/Users/user/workspace/hotel_server/node_modules/bluebird/js/release/promise.js:614:10)
    at Promise._settlePromises (/Users/user/workspace/hotel_server/node_modules/bluebird/js/release/promise.js:693:18)
    at Async._drainQueue (/Users/user/workspace/hotel_server/node_modules/bluebird/js/release/async.js:133:16)
    at Async._drainQueues (/Users/user/workspace/hotel_server/node_modules/bluebird/js/release/async.js:143:10)
    at Immediate.Async.drainQueues (/Users/user/workspace/hotel_server/node_modules/bluebird/js/release/async.js:17:14)
    at runCallback (timers.js:789:20)
    at tryOnImmediate (timers.js:751:5)
    at processImmediate [as _immediateCallback] (timers.js:722:5)
***************  node  error log end ***************

[2017-12-06T17:37:54.420] [ERROR] errorLogger - 
***************  node error log start ***************
request url: /users/doLogin
request method: POST
request client ip:  ::1
err name: ReferenceError
err message: ress is not defined
err stack: ReferenceError: ress is not defined
    at Employee.findOne.then.result (/Users/user/workspace/hotel_server/controller/user.js:33:7)
    at tryCatcher (/Users/user/workspace/hotel_server/node_modules/bluebird/js/release/util.js:16:23)
    at Promise._settlePromiseFromHandler (/Users/user/workspace/hotel_server/node_modules/bluebird/js/release/promise.js:512:31)
    at Promise._settlePromise (/Users/user/workspace/hotel_server/node_modules/bluebird/js/release/promise.js:569:18)
    at Promise._settlePromise0 (/Users/user/workspace/hotel_server/node_modules/bluebird/js/release/promise.js:614:10)
    at Promise._settlePromises (/Users/user/workspace/hotel_server/node_modules/bluebird/js/release/promise.js:693:18)
    at Async._drainQueue (/Users/user/workspace/hotel_server/node_modules/bluebird/js/release/async.js:133:16)
    at Async._drainQueues (/Users/user/workspace/hotel_server/node_modules/bluebird/js/release/async.js:143:10)
    at Immediate.Async.drainQueues (/Users/user/workspace/hotel_server/node_modules/bluebird/js/release/async.js:17:14)
    at runCallback (timers.js:789:20)
    at tryOnImmediate (timers.js:751:5)
    at processImmediate [as _immediateCallback] (timers.js:722:5)
***************  node  error log end ***************

[2017-12-06T17:38:51.625] [ERROR] errorLogger - 
***************  node error log start ***************
request url: /users/doLogin
request method: POST
request client ip:  ::1
err name: ReferenceError
err message: ress is not defined
err stack: ReferenceError: ress is not defined
    at Employee.findOne.then.result (/Users/user/workspace/hotel_server/controller/user.js:33:7)
    at tryCatcher (/Users/user/workspace/hotel_server/node_modules/bluebird/js/release/util.js:16:23)
    at Promise._settlePromiseFromHandler (/Users/user/workspace/hotel_server/node_modules/bluebird/js/release/promise.js:512:31)
    at Promise._settlePromise (/Users/user/workspace/hotel_server/node_modules/bluebird/js/release/promise.js:569:18)
    at Promise._settlePromise0 (/Users/user/workspace/hotel_server/node_modules/bluebird/js/release/promise.js:614:10)
    at Promise._settlePromises (/Users/user/workspace/hotel_server/node_modules/bluebird/js/release/promise.js:693:18)
    at Async._drainQueue (/Users/user/workspace/hotel_server/node_modules/bluebird/js/release/async.js:133:16)
    at Async._drainQueues (/Users/user/workspace/hotel_server/node_modules/bluebird/js/release/async.js:143:10)
    at Immediate.Async.drainQueues (/Users/user/workspace/hotel_server/node_modules/bluebird/js/release/async.js:17:14)
    at runCallback (timers.js:789:20)
    at tryOnImmediate (timers.js:751:5)
    at processImmediate [as _immediateCallback] (timers.js:722:5)
***************  node  error log end ***************

