[2018-01-25T10:59:02.703] [ERROR] errorLogger - 
***************  node error log start ***************
request url: /task/list?pageNow=1&pageSize=15&status=NaN
request method: GET
request client ip:  ::ffff:192.168.1.9
err name: TypeError
err message: Cannot set property 'status' of undefined
err stack: TypeError: Cannot set property 'status' of undefined
    at exports.getTaskList (/Users/user/workspace/hotel_server/controller/task.js:41:29)
    at Layer.handle [as handle_request] (/Users/user/workspace/hotel_server/node_modules/express/lib/router/layer.js:95:5)
    at next (/Users/user/workspace/hotel_server/node_modules/express/lib/router/route.js:137:13)
    at Route.dispatch (/Users/user/workspace/hotel_server/node_modules/express/lib/router/route.js:112:3)
    at Layer.handle [as handle_request] (/Users/user/workspace/hotel_server/node_modules/express/lib/router/layer.js:95:5)
    at /Users/user/workspace/hotel_server/node_modules/express/lib/router/index.js:281:22
    at Function.process_params (/Users/user/workspace/hotel_server/node_modules/express/lib/router/index.js:335:12)
    at next (/Users/user/workspace/hotel_server/node_modules/express/lib/router/index.js:275:10)
    at Function.handle (/Users/user/workspace/hotel_server/node_modules/express/lib/router/index.js:174:3)
    at router (/Users/user/workspace/hotel_server/node_modules/express/lib/router/index.js:47:12)
    at Layer.handle [as handle_request] (/Users/user/workspace/hotel_server/node_modules/express/lib/router/layer.js:95:5)
    at trim_prefix (/Users/user/workspace/hotel_server/node_modules/express/lib/router/index.js:317:13)
    at /Users/user/workspace/hotel_server/node_modules/express/lib/router/index.js:284:7
    at Function.process_params (/Users/user/workspace/hotel_server/node_modules/express/lib/router/index.js:335:12)
    at next (/Users/user/workspace/hotel_server/node_modules/express/lib/router/index.js:275:10)
    at Immediate.<anonymous> (/Users/user/workspace/hotel_server/node_modules/express-session/index.js:489:7)
    at runCallback (timers.js:793:20)
    at tryOnImmediate (timers.js:751:5)
    at processImmediate [as _immediateCallback] (timers.js:722:5)
***************  node  error log end ***************

[2018-01-25T10:59:59.284] [ERROR] errorLogger - 
***************  node error log start ***************
request url: /task/list?pageNow=1&pageSize=15&status=NaN
request method: GET
request client ip:  ::ffff:192.168.1.9
err name: TypeError
err message: Cannot set property 'status' of undefined
err stack: TypeError: Cannot set property 'status' of undefined
    at exports.getTaskList (/Users/user/workspace/hotel_server/controller/task.js:41:29)
    at Layer.handle [as handle_request] (/Users/user/workspace/hotel_server/node_modules/express/lib/router/layer.js:95:5)
    at next (/Users/user/workspace/hotel_server/node_modules/express/lib/router/route.js:137:13)
    at Route.dispatch (/Users/user/workspace/hotel_server/node_modules/express/lib/router/route.js:112:3)
    at Layer.handle [as handle_request] (/Users/user/workspace/hotel_server/node_modules/express/lib/router/layer.js:95:5)
    at /Users/user/workspace/hotel_server/node_modules/express/lib/router/index.js:281:22
    at Function.process_params (/Users/user/workspace/hotel_server/node_modules/express/lib/router/index.js:335:12)
    at next (/Users/user/workspace/hotel_server/node_modules/express/lib/router/index.js:275:10)
    at Function.handle (/Users/user/workspace/hotel_server/node_modules/express/lib/router/index.js:174:3)
    at router (/Users/user/workspace/hotel_server/node_modules/express/lib/router/index.js:47:12)
    at Layer.handle [as handle_request] (/Users/user/workspace/hotel_server/node_modules/express/lib/router/layer.js:95:5)
    at trim_prefix (/Users/user/workspace/hotel_server/node_modules/express/lib/router/index.js:317:13)
    at /Users/user/workspace/hotel_server/node_modules/express/lib/router/index.js:284:7
    at Function.process_params (/Users/user/workspace/hotel_server/node_modules/express/lib/router/index.js:335:12)
    at next (/Users/user/workspace/hotel_server/node_modules/express/lib/router/index.js:275:10)
    at Immediate.<anonymous> (/Users/user/workspace/hotel_server/node_modules/express-session/index.js:489:7)
    at runCallback (timers.js:793:20)
    at tryOnImmediate (timers.js:751:5)
    at processImmediate [as _immediateCallback] (timers.js:722:5)
***************  node  error log end ***************

[2018-01-25T11:08:56.442] [ERROR] errorLogger - 
***************  node error log start ***************
request url: /task/list?pageNow=1&pageSize=15
request method: GET
request client ip:  ::ffff:192.168.1.9
err name: ReferenceError
err message: RoomInfo is not defined
err stack: ReferenceError: RoomInfo is not defined
    at exports.getTaskList (/Users/user/workspace/hotel_server/controller/task.js:23:30)
    at Layer.handle [as handle_request] (/Users/user/workspace/hotel_server/node_modules/express/lib/router/layer.js:95:5)
    at next (/Users/user/workspace/hotel_server/node_modules/express/lib/router/route.js:137:13)
    at Route.dispatch (/Users/user/workspace/hotel_server/node_modules/express/lib/router/route.js:112:3)
    at Layer.handle [as handle_request] (/Users/user/workspace/hotel_server/node_modules/express/lib/router/layer.js:95:5)
    at /Users/user/workspace/hotel_server/node_modules/express/lib/router/index.js:281:22
    at Function.process_params (/Users/user/workspace/hotel_server/node_modules/express/lib/router/index.js:335:12)
    at next (/Users/user/workspace/hotel_server/node_modules/express/lib/router/index.js:275:10)
    at Function.handle (/Users/user/workspace/hotel_server/node_modules/express/lib/router/index.js:174:3)
    at router (/Users/user/workspace/hotel_server/node_modules/express/lib/router/index.js:47:12)
    at Layer.handle [as handle_request] (/Users/user/workspace/hotel_server/node_modules/express/lib/router/layer.js:95:5)
    at trim_prefix (/Users/user/workspace/hotel_server/node_modules/express/lib/router/index.js:317:13)
    at /Users/user/workspace/hotel_server/node_modules/express/lib/router/index.js:284:7
    at Function.process_params (/Users/user/workspace/hotel_server/node_modules/express/lib/router/index.js:335:12)
    at next (/Users/user/workspace/hotel_server/node_modules/express/lib/router/index.js:275:10)
    at Immediate.<anonymous> (/Users/user/workspace/hotel_server/node_modules/express-session/index.js:489:7)
    at runCallback (timers.js:793:20)
    at tryOnImmediate (timers.js:751:5)
    at processImmediate [as _immediateCallback] (timers.js:722:5)
***************  node  error log end ***************

[2018-01-25T11:09:46.591] [ERROR] errorLogger - 
***************  node error log start ***************
request url: /task/list?pageNow=1&pageSize=15
request method: GET
request client ip:  ::ffff:192.168.1.9
err name: ReferenceError
err message: RoomInfo is not defined
err stack: ReferenceError: RoomInfo is not defined
    at exports.getTaskList (/Users/user/workspace/hotel_server/controller/task.js:23:30)
    at Layer.handle [as handle_request] (/Users/user/workspace/hotel_server/node_modules/express/lib/router/layer.js:95:5)
    at next (/Users/user/workspace/hotel_server/node_modules/express/lib/router/route.js:137:13)
    at Route.dispatch (/Users/user/workspace/hotel_server/node_modules/express/lib/router/route.js:112:3)
    at Layer.handle [as handle_request] (/Users/user/workspace/hotel_server/node_modules/express/lib/router/layer.js:95:5)
    at /Users/user/workspace/hotel_server/node_modules/express/lib/router/index.js:281:22
    at Function.process_params (/Users/user/workspace/hotel_server/node_modules/express/lib/router/index.js:335:12)
    at next (/Users/user/workspace/hotel_server/node_modules/express/lib/router/index.js:275:10)
    at Function.handle (/Users/user/workspace/hotel_server/node_modules/express/lib/router/index.js:174:3)
    at router (/Users/user/workspace/hotel_server/node_modules/express/lib/router/index.js:47:12)
    at Layer.handle [as handle_request] (/Users/user/workspace/hotel_server/node_modules/express/lib/router/layer.js:95:5)
    at trim_prefix (/Users/user/workspace/hotel_server/node_modules/express/lib/router/index.js:317:13)
    at /Users/user/workspace/hotel_server/node_modules/express/lib/router/index.js:284:7
    at Function.process_params (/Users/user/workspace/hotel_server/node_modules/express/lib/router/index.js:335:12)
    at next (/Users/user/workspace/hotel_server/node_modules/express/lib/router/index.js:275:10)
    at Immediate.<anonymous> (/Users/user/workspace/hotel_server/node_modules/express-session/index.js:489:7)
    at runCallback (timers.js:793:20)
    at tryOnImmediate (timers.js:751:5)
    at processImmediate [as _immediateCallback] (timers.js:722:5)
***************  node  error log end ***************

[2018-01-25T11:44:29.707] [ERROR] errorLogger - 
***************  node error log start ***************
request url: /task/list?pageNow=1&pageSize=15&tasktypeId=1
request method: GET
request client ip:  ::ffff:192.168.1.9
err name: TypeError
err message: Cannot set property 'tasktypeId' of undefined
err stack: TypeError: Cannot set property 'tasktypeId' of undefined
    at exports.getTaskList (/Users/user/workspace/hotel_server/controller/task.js:43:33)
    at Layer.handle [as handle_request] (/Users/user/workspace/hotel_server/node_modules/express/lib/router/layer.js:95:5)
    at next (/Users/user/workspace/hotel_server/node_modules/express/lib/router/route.js:137:13)
    at Route.dispatch (/Users/user/workspace/hotel_server/node_modules/express/lib/router/route.js:112:3)
    at Layer.handle [as handle_request] (/Users/user/workspace/hotel_server/node_modules/express/lib/router/layer.js:95:5)
    at /Users/user/workspace/hotel_server/node_modules/express/lib/router/index.js:281:22
    at Function.process_params (/Users/user/workspace/hotel_server/node_modules/express/lib/router/index.js:335:12)
    at next (/Users/user/workspace/hotel_server/node_modules/express/lib/router/index.js:275:10)
    at Function.handle (/Users/user/workspace/hotel_server/node_modules/express/lib/router/index.js:174:3)
    at router (/Users/user/workspace/hotel_server/node_modules/express/lib/router/index.js:47:12)
    at Layer.handle [as handle_request] (/Users/user/workspace/hotel_server/node_modules/express/lib/router/layer.js:95:5)
    at trim_prefix (/Users/user/workspace/hotel_server/node_modules/express/lib/router/index.js:317:13)
    at /Users/user/workspace/hotel_server/node_modules/express/lib/router/index.js:284:7
    at Function.process_params (/Users/user/workspace/hotel_server/node_modules/express/lib/router/index.js:335:12)
    at next (/Users/user/workspace/hotel_server/node_modules/express/lib/router/index.js:275:10)
    at Immediate.<anonymous> (/Users/user/workspace/hotel_server/node_modules/express-session/index.js:489:7)
    at runCallback (timers.js:793:20)
    at tryOnImmediate (timers.js:751:5)
    at processImmediate [as _immediateCallback] (timers.js:722:5)
***************  node  error log end ***************

[2018-01-25T14:33:09.884] [ERROR] errorLogger - 
***************  node error log start ***************
request url: /task/list?pageNow=1&pageSize=15
request method: GET
request client ip:  ::ffff:192.168.1.9
err name: SequelizeDatabaseError
err message: Unknown column 'Task.room_id' in 'on clause'
err stack: SequelizeDatabaseError: Unknown column 'Task.room_id' in 'on clause'
    at Query.formatError (/Users/user/workspace/hotel_server/node_modules/sequelize/lib/dialects/mysql/query.js:228:16)
    at Query.connection.query [as onResult] (/Users/user/workspace/hotel_server/node_modules/sequelize/lib/dialects/mysql/query.js:55:23)
    at Query.Command.execute (/Users/user/workspace/hotel_server/node_modules/mysql2/lib/commands/command.js:30:12)
    at Connection.handlePacket (/Users/user/workspace/hotel_server/node_modules/mysql2/lib/connection.js:515:28)
    at PacketParser.onPacket (/Users/user/workspace/hotel_server/node_modules/mysql2/lib/connection.js:94:16)
    at PacketParser.executeStart (/Users/user/workspace/hotel_server/node_modules/mysql2/lib/packet_parser.js:77:14)
    at Socket.<anonymous> (/Users/user/workspace/hotel_server/node_modules/mysql2/lib/connection.js:102:29)
    at emitOne (events.js:116:13)
    at Socket.emit (events.js:211:7)
    at addChunk (_stream_readable.js:263:12)
    at readableAddChunk (_stream_readable.js:250:11)
    at Socket.Readable.push (_stream_readable.js:208:10)
    at TCP.onread (net.js:594:20)
***************  node  error log end ***************

[2018-01-25T14:34:28.045] [ERROR] errorLogger - 
***************  node error log start ***************
request url: /task/list?pageNow=1&pageSize=15
request method: GET
request client ip:  ::ffff:192.168.1.9
err name: SequelizeDatabaseError
err message: Unknown column 'Task.room_id' in 'on clause'
err stack: SequelizeDatabaseError: Unknown column 'Task.room_id' in 'on clause'
    at Query.formatError (/Users/user/workspace/hotel_server/node_modules/sequelize/lib/dialects/mysql/query.js:228:16)
    at Query.connection.query [as onResult] (/Users/user/workspace/hotel_server/node_modules/sequelize/lib/dialects/mysql/query.js:55:23)
    at Query.Command.execute (/Users/user/workspace/hotel_server/node_modules/mysql2/lib/commands/command.js:30:12)
    at Connection.handlePacket (/Users/user/workspace/hotel_server/node_modules/mysql2/lib/connection.js:515:28)
    at PacketParser.onPacket (/Users/user/workspace/hotel_server/node_modules/mysql2/lib/connection.js:94:16)
    at PacketParser.executeStart (/Users/user/workspace/hotel_server/node_modules/mysql2/lib/packet_parser.js:77:14)
    at Socket.<anonymous> (/Users/user/workspace/hotel_server/node_modules/mysql2/lib/connection.js:102:29)
    at emitOne (events.js:116:13)
    at Socket.emit (events.js:211:7)
    at addChunk (_stream_readable.js:263:12)
    at readableAddChunk (_stream_readable.js:250:11)
    at Socket.Readable.push (_stream_readable.js:208:10)
    at TCP.onread (net.js:594:20)
***************  node  error log end ***************

[2018-01-25T14:36:12.664] [ERROR] errorLogger - 
***************  node error log start ***************
request url: /task/list?pageNow=1&pageSize=15
request method: GET
request client ip:  ::ffff:192.168.1.9
err name: SequelizeDatabaseError
err message: Unknown column 'Task.room_id' in 'on clause'
err stack: SequelizeDatabaseError: Unknown column 'Task.room_id' in 'on clause'
    at Query.formatError (/Users/user/workspace/hotel_server/node_modules/sequelize/lib/dialects/mysql/query.js:228:16)
    at Query.connection.query [as onResult] (/Users/user/workspace/hotel_server/node_modules/sequelize/lib/dialects/mysql/query.js:55:23)
    at Query.Command.execute (/Users/user/workspace/hotel_server/node_modules/mysql2/lib/commands/command.js:30:12)
    at Connection.handlePacket (/Users/user/workspace/hotel_server/node_modules/mysql2/lib/connection.js:515:28)
    at PacketParser.onPacket (/Users/user/workspace/hotel_server/node_modules/mysql2/lib/connection.js:94:16)
    at PacketParser.executeStart (/Users/user/workspace/hotel_server/node_modules/mysql2/lib/packet_parser.js:77:14)
    at Socket.<anonymous> (/Users/user/workspace/hotel_server/node_modules/mysql2/lib/connection.js:102:29)
    at emitOne (events.js:116:13)
    at Socket.emit (events.js:211:7)
    at addChunk (_stream_readable.js:263:12)
    at readableAddChunk (_stream_readable.js:250:11)
    at Socket.Readable.push (_stream_readable.js:208:10)
    at TCP.onread (net.js:594:20)
***************  node  error log end ***************

[2018-01-25T14:39:04.465] [ERROR] errorLogger - 
***************  node error log start ***************
request url: /task/list?pageNow=1&pageSize=15
request method: GET
request client ip:  ::ffff:192.168.1.9
err name: SequelizeEagerLoadingError
err message: TaskFlow is not associated to Task!
err stack: SequelizeEagerLoadingError: TaskFlow is not associated to Task!
    at Function._getIncludedAssociation (/Users/user/workspace/hotel_server/node_modules/sequelize/lib/model.js:582:13)
    at Function._validateIncludedElement (/Users/user/workspace/hotel_server/node_modules/sequelize/lib/model.js:498:53)
    at options.include.options.include.map.include (/Users/user/workspace/hotel_server/node_modules/sequelize/lib/model.js:394:37)
    at Array.map (<anonymous>)
    at Function._validateIncludedElements (/Users/user/workspace/hotel_server/node_modules/sequelize/lib/model.js:390:39)
    at Promise.try.then.then (/Users/user/workspace/hotel_server/node_modules/sequelize/lib/model.js:1533:14)
    at tryCatcher (/Users/user/workspace/hotel_server/node_modules/bluebird/js/release/util.js:16:23)
    at Promise._settlePromiseFromHandler (/Users/user/workspace/hotel_server/node_modules/bluebird/js/release/promise.js:512:31)
    at Promise._settlePromise (/Users/user/workspace/hotel_server/node_modules/bluebird/js/release/promise.js:569:18)
    at Promise._settlePromise0 (/Users/user/workspace/hotel_server/node_modules/bluebird/js/release/promise.js:614:10)
    at Promise._settlePromises (/Users/user/workspace/hotel_server/node_modules/bluebird/js/release/promise.js:693:18)
    at Async._drainQueue (/Users/user/workspace/hotel_server/node_modules/bluebird/js/release/async.js:133:16)
    at Async._drainQueues (/Users/user/workspace/hotel_server/node_modules/bluebird/js/release/async.js:143:10)
    at Immediate.Async.drainQueues (/Users/user/workspace/hotel_server/node_modules/bluebird/js/release/async.js:17:14)
    at runCallback (timers.js:789:20)
    at tryOnImmediate (timers.js:751:5)
    at processImmediate [as _immediateCallback] (timers.js:722:5)
***************  node  error log end ***************

[2018-01-25T14:40:11.088] [ERROR] errorLogger - 
***************  node error log start ***************
request url: /task/list?pageNow=1&pageSize=15
request method: GET
request client ip:  ::ffff:192.168.1.9
err name: SequelizeDatabaseError
err message: Unknown column 'Task.room_id' in 'on clause'
err stack: SequelizeDatabaseError: Unknown column 'Task.room_id' in 'on clause'
    at Query.formatError (/Users/user/workspace/hotel_server/node_modules/sequelize/lib/dialects/mysql/query.js:228:16)
    at Query.connection.query [as onResult] (/Users/user/workspace/hotel_server/node_modules/sequelize/lib/dialects/mysql/query.js:55:23)
    at Query.Command.execute (/Users/user/workspace/hotel_server/node_modules/mysql2/lib/commands/command.js:30:12)
    at Connection.handlePacket (/Users/user/workspace/hotel_server/node_modules/mysql2/lib/connection.js:515:28)
    at PacketParser.onPacket (/Users/user/workspace/hotel_server/node_modules/mysql2/lib/connection.js:94:16)
    at PacketParser.executeStart (/Users/user/workspace/hotel_server/node_modules/mysql2/lib/packet_parser.js:77:14)
    at Socket.<anonymous> (/Users/user/workspace/hotel_server/node_modules/mysql2/lib/connection.js:102:29)
    at emitOne (events.js:116:13)
    at Socket.emit (events.js:211:7)
    at addChunk (_stream_readable.js:263:12)
    at readableAddChunk (_stream_readable.js:250:11)
    at Socket.Readable.push (_stream_readable.js:208:10)
    at TCP.onread (net.js:594:20)
***************  node  error log end ***************

[2018-01-25T14:41:38.123] [ERROR] errorLogger - 
***************  node error log start ***************
request url: /task/list?pageNow=1&pageSize=15
request method: GET
request client ip:  ::ffff:192.168.1.9
err name: SequelizeDatabaseError
err message: Unknown column 'Task.room_id' in 'on clause'
err stack: SequelizeDatabaseError: Unknown column 'Task.room_id' in 'on clause'
    at Query.formatError (/Users/user/workspace/hotel_server/node_modules/sequelize/lib/dialects/mysql/query.js:228:16)
    at Query.connection.query [as onResult] (/Users/user/workspace/hotel_server/node_modules/sequelize/lib/dialects/mysql/query.js:55:23)
    at Query.Command.execute (/Users/user/workspace/hotel_server/node_modules/mysql2/lib/commands/command.js:30:12)
    at Connection.handlePacket (/Users/user/workspace/hotel_server/node_modules/mysql2/lib/connection.js:515:28)
    at PacketParser.onPacket (/Users/user/workspace/hotel_server/node_modules/mysql2/lib/connection.js:94:16)
    at PacketParser.executeStart (/Users/user/workspace/hotel_server/node_modules/mysql2/lib/packet_parser.js:77:14)
    at Socket.<anonymous> (/Users/user/workspace/hotel_server/node_modules/mysql2/lib/connection.js:102:29)
    at emitOne (events.js:116:13)
    at Socket.emit (events.js:211:7)
    at addChunk (_stream_readable.js:263:12)
    at readableAddChunk (_stream_readable.js:250:11)
    at Socket.Readable.push (_stream_readable.js:208:10)
    at TCP.onread (net.js:594:20)
***************  node  error log end ***************

[2018-01-25T14:42:04.256] [ERROR] errorLogger - 
***************  node error log start ***************
request url: /task/list?pageNow=1&pageSize=15
request method: GET
request client ip:  ::ffff:192.168.1.9
err name: SequelizeDatabaseError
err message: Unknown column 'Task.room_id' in 'on clause'
err stack: SequelizeDatabaseError: Unknown column 'Task.room_id' in 'on clause'
    at Query.formatError (/Users/user/workspace/hotel_server/node_modules/sequelize/lib/dialects/mysql/query.js:228:16)
    at Query.connection.query [as onResult] (/Users/user/workspace/hotel_server/node_modules/sequelize/lib/dialects/mysql/query.js:55:23)
    at Query.Command.execute (/Users/user/workspace/hotel_server/node_modules/mysql2/lib/commands/command.js:30:12)
    at Connection.handlePacket (/Users/user/workspace/hotel_server/node_modules/mysql2/lib/connection.js:515:28)
    at PacketParser.onPacket (/Users/user/workspace/hotel_server/node_modules/mysql2/lib/connection.js:94:16)
    at PacketParser.executeStart (/Users/user/workspace/hotel_server/node_modules/mysql2/lib/packet_parser.js:77:14)
    at Socket.<anonymous> (/Users/user/workspace/hotel_server/node_modules/mysql2/lib/connection.js:102:29)
    at emitOne (events.js:116:13)
    at Socket.emit (events.js:211:7)
    at addChunk (_stream_readable.js:263:12)
    at readableAddChunk (_stream_readable.js:250:11)
    at Socket.Readable.push (_stream_readable.js:208:10)
    at TCP.onread (net.js:594:20)
***************  node  error log end ***************

[2018-01-25T14:50:47.881] [ERROR] errorLogger - 
***************  node error log start ***************
request url: /task/list?pageNow=1&pageSize=15
request method: GET
request client ip:  ::ffff:192.168.1.9
err name: SequelizeDatabaseError
err message: Unknown column 'Task.room_id' in 'on clause'
err stack: SequelizeDatabaseError: Unknown column 'Task.room_id' in 'on clause'
    at Query.formatError (/Users/user/workspace/hotel_server/node_modules/sequelize/lib/dialects/mysql/query.js:228:16)
    at Query.connection.query [as onResult] (/Users/user/workspace/hotel_server/node_modules/sequelize/lib/dialects/mysql/query.js:55:23)
    at Query.Command.execute (/Users/user/workspace/hotel_server/node_modules/mysql2/lib/commands/command.js:30:12)
    at Connection.handlePacket (/Users/user/workspace/hotel_server/node_modules/mysql2/lib/connection.js:515:28)
    at PacketParser.onPacket (/Users/user/workspace/hotel_server/node_modules/mysql2/lib/connection.js:94:16)
    at PacketParser.executeStart (/Users/user/workspace/hotel_server/node_modules/mysql2/lib/packet_parser.js:77:14)
    at Socket.<anonymous> (/Users/user/workspace/hotel_server/node_modules/mysql2/lib/connection.js:102:29)
    at emitOne (events.js:116:13)
    at Socket.emit (events.js:211:7)
    at addChunk (_stream_readable.js:263:12)
    at readableAddChunk (_stream_readable.js:250:11)
    at Socket.Readable.push (_stream_readable.js:208:10)
    at TCP.onread (net.js:594:20)
***************  node  error log end ***************

[2018-01-25T14:54:04.024] [ERROR] errorLogger - 
***************  node error log start ***************
request url: /task/list?pageNow=1&pageSize=15
request method: GET
request client ip:  ::ffff:192.168.1.9
err name: SequelizeDatabaseError
err message: Unknown column 'Task.room_id' in 'on clause'
err stack: SequelizeDatabaseError: Unknown column 'Task.room_id' in 'on clause'
    at Query.formatError (/Users/user/workspace/hotel_server/node_modules/sequelize/lib/dialects/mysql/query.js:228:16)
    at Query.connection.query [as onResult] (/Users/user/workspace/hotel_server/node_modules/sequelize/lib/dialects/mysql/query.js:55:23)
    at Query.Command.execute (/Users/user/workspace/hotel_server/node_modules/mysql2/lib/commands/command.js:30:12)
    at Connection.handlePacket (/Users/user/workspace/hotel_server/node_modules/mysql2/lib/connection.js:515:28)
    at PacketParser.onPacket (/Users/user/workspace/hotel_server/node_modules/mysql2/lib/connection.js:94:16)
    at PacketParser.executeStart (/Users/user/workspace/hotel_server/node_modules/mysql2/lib/packet_parser.js:77:14)
    at Socket.<anonymous> (/Users/user/workspace/hotel_server/node_modules/mysql2/lib/connection.js:102:29)
    at emitOne (events.js:116:13)
    at Socket.emit (events.js:211:7)
    at addChunk (_stream_readable.js:263:12)
    at readableAddChunk (_stream_readable.js:250:11)
    at Socket.Readable.push (_stream_readable.js:208:10)
    at TCP.onread (net.js:594:20)
***************  node  error log end ***************

[2018-01-25T16:01:38.554] [ERROR] errorLogger - 
***************  node error log start ***************
request url: /task/list?pageNow=1&pageSize=15
request method: GET
request client ip:  ::ffff:192.168.1.9
err name: TypeError
err message: Cannot read property 'number' of undefined
err stack: TypeError: Cannot read property 'number' of undefined
    at Task.findAll.then.result (/Users/user/workspace/hotel_server/controller/task.js:68:51)
    at tryCatcher (/Users/user/workspace/hotel_server/node_modules/bluebird/js/release/util.js:16:23)
    at Promise._settlePromiseFromHandler (/Users/user/workspace/hotel_server/node_modules/bluebird/js/release/promise.js:512:31)
    at Promise._settlePromise (/Users/user/workspace/hotel_server/node_modules/bluebird/js/release/promise.js:569:18)
    at Promise._settlePromise0 (/Users/user/workspace/hotel_server/node_modules/bluebird/js/release/promise.js:614:10)
    at Promise._settlePromises (/Users/user/workspace/hotel_server/node_modules/bluebird/js/release/promise.js:693:18)
    at Promise._fulfill (/Users/user/workspace/hotel_server/node_modules/bluebird/js/release/promise.js:638:18)
    at Promise._resolveCallback (/Users/user/workspace/hotel_server/node_modules/bluebird/js/release/promise.js:432:57)
    at Promise._settlePromiseFromHandler (/Users/user/workspace/hotel_server/node_modules/bluebird/js/release/promise.js:524:17)
    at Promise._settlePromise (/Users/user/workspace/hotel_server/node_modules/bluebird/js/release/promise.js:569:18)
    at Promise._settlePromise0 (/Users/user/workspace/hotel_server/node_modules/bluebird/js/release/promise.js:614:10)
    at Promise._settlePromises (/Users/user/workspace/hotel_server/node_modules/bluebird/js/release/promise.js:693:18)
    at Promise._fulfill (/Users/user/workspace/hotel_server/node_modules/bluebird/js/release/promise.js:638:18)
    at MappingPromiseArray.PromiseArray._resolve (/Users/user/workspace/hotel_server/node_modules/bluebird/js/release/promise_array.js:126:19)
    at MappingPromiseArray._promiseFulfilled (/Users/user/workspace/hotel_server/node_modules/bluebird/js/release/map.js:101:18)
    at Promise._settlePromise (/Users/user/workspace/hotel_server/node_modules/bluebird/js/release/promise.js:574:26)
    at Promise._settlePromise0 (/Users/user/workspace/hotel_server/node_modules/bluebird/js/release/promise.js:614:10)
    at Promise._settlePromises (/Users/user/workspace/hotel_server/node_modules/bluebird/js/release/promise.js:693:18)
    at Promise._fulfill (/Users/user/workspace/hotel_server/node_modules/bluebird/js/release/promise.js:638:18)
    at Promise._resolveCallback (/Users/user/workspace/hotel_server/node_modules/bluebird/js/release/promise.js:432:57)
    at Promise._settlePromiseFromHandler (/Users/user/workspace/hotel_server/node_modules/bluebird/js/release/promise.js:524:17)
    at Promise._settlePromise (/Users/user/workspace/hotel_server/node_modules/bluebird/js/release/promise.js:569:18)
***************  node  error log end ***************

[2018-01-25T16:02:19.732] [ERROR] errorLogger - 
***************  node error log start ***************
request url: /task/list?pageNow=1&pageSize=15
request method: GET
request client ip:  ::ffff:192.168.1.9
err name: TypeError
err message: Cannot read property 'number' of undefined
err stack: TypeError: Cannot read property 'number' of undefined
    at Task.findAll.then.result (/Users/user/workspace/hotel_server/controller/task.js:69:51)
    at tryCatcher (/Users/user/workspace/hotel_server/node_modules/bluebird/js/release/util.js:16:23)
    at Promise._settlePromiseFromHandler (/Users/user/workspace/hotel_server/node_modules/bluebird/js/release/promise.js:512:31)
    at Promise._settlePromise (/Users/user/workspace/hotel_server/node_modules/bluebird/js/release/promise.js:569:18)
    at Promise._settlePromise0 (/Users/user/workspace/hotel_server/node_modules/bluebird/js/release/promise.js:614:10)
    at Promise._settlePromises (/Users/user/workspace/hotel_server/node_modules/bluebird/js/release/promise.js:693:18)
    at Promise._fulfill (/Users/user/workspace/hotel_server/node_modules/bluebird/js/release/promise.js:638:18)
    at Promise._resolveCallback (/Users/user/workspace/hotel_server/node_modules/bluebird/js/release/promise.js:432:57)
    at Promise._settlePromiseFromHandler (/Users/user/workspace/hotel_server/node_modules/bluebird/js/release/promise.js:524:17)
    at Promise._settlePromise (/Users/user/workspace/hotel_server/node_modules/bluebird/js/release/promise.js:569:18)
    at Promise._settlePromise0 (/Users/user/workspace/hotel_server/node_modules/bluebird/js/release/promise.js:614:10)
    at Promise._settlePromises (/Users/user/workspace/hotel_server/node_modules/bluebird/js/release/promise.js:693:18)
    at Promise._fulfill (/Users/user/workspace/hotel_server/node_modules/bluebird/js/release/promise.js:638:18)
    at MappingPromiseArray.PromiseArray._resolve (/Users/user/workspace/hotel_server/node_modules/bluebird/js/release/promise_array.js:126:19)
    at MappingPromiseArray._promiseFulfilled (/Users/user/workspace/hotel_server/node_modules/bluebird/js/release/map.js:101:18)
    at Promise._settlePromise (/Users/user/workspace/hotel_server/node_modules/bluebird/js/release/promise.js:574:26)
    at Promise._settlePromise0 (/Users/user/workspace/hotel_server/node_modules/bluebird/js/release/promise.js:614:10)
    at Promise._settlePromises (/Users/user/workspace/hotel_server/node_modules/bluebird/js/release/promise.js:693:18)
    at Promise._fulfill (/Users/user/workspace/hotel_server/node_modules/bluebird/js/release/promise.js:638:18)
    at Promise._resolveCallback (/Users/user/workspace/hotel_server/node_modules/bluebird/js/release/promise.js:432:57)
    at Promise._settlePromiseFromHandler (/Users/user/workspace/hotel_server/node_modules/bluebird/js/release/promise.js:524:17)
    at Promise._settlePromise (/Users/user/workspace/hotel_server/node_modules/bluebird/js/release/promise.js:569:18)
***************  node  error log end ***************

[2018-01-25T16:03:02.957] [ERROR] errorLogger - 
***************  node error log start ***************
request url: /task/list?pageNow=1&pageSize=15
request method: GET
request client ip:  ::ffff:192.168.1.9
err name: TypeError
err message: data.push is not a function
err stack: TypeError: data.push is not a function
    at Task.findAll.then.result (/Users/user/workspace/hotel_server/controller/task.js:82:22)
    at tryCatcher (/Users/user/workspace/hotel_server/node_modules/bluebird/js/release/util.js:16:23)
    at Promise._settlePromiseFromHandler (/Users/user/workspace/hotel_server/node_modules/bluebird/js/release/promise.js:512:31)
    at Promise._settlePromise (/Users/user/workspace/hotel_server/node_modules/bluebird/js/release/promise.js:569:18)
    at Promise._settlePromise0 (/Users/user/workspace/hotel_server/node_modules/bluebird/js/release/promise.js:614:10)
    at Promise._settlePromises (/Users/user/workspace/hotel_server/node_modules/bluebird/js/release/promise.js:693:18)
    at Promise._fulfill (/Users/user/workspace/hotel_server/node_modules/bluebird/js/release/promise.js:638:18)
    at Promise._resolveCallback (/Users/user/workspace/hotel_server/node_modules/bluebird/js/release/promise.js:432:57)
    at Promise._settlePromiseFromHandler (/Users/user/workspace/hotel_server/node_modules/bluebird/js/release/promise.js:524:17)
    at Promise._settlePromise (/Users/user/workspace/hotel_server/node_modules/bluebird/js/release/promise.js:569:18)
    at Promise._settlePromise0 (/Users/user/workspace/hotel_server/node_modules/bluebird/js/release/promise.js:614:10)
    at Promise._settlePromises (/Users/user/workspace/hotel_server/node_modules/bluebird/js/release/promise.js:693:18)
    at Promise._fulfill (/Users/user/workspace/hotel_server/node_modules/bluebird/js/release/promise.js:638:18)
    at MappingPromiseArray.PromiseArray._resolve (/Users/user/workspace/hotel_server/node_modules/bluebird/js/release/promise_array.js:126:19)
    at MappingPromiseArray._promiseFulfilled (/Users/user/workspace/hotel_server/node_modules/bluebird/js/release/map.js:101:18)
    at Promise._settlePromise (/Users/user/workspace/hotel_server/node_modules/bluebird/js/release/promise.js:574:26)
    at Promise._settlePromise0 (/Users/user/workspace/hotel_server/node_modules/bluebird/js/release/promise.js:614:10)
    at Promise._settlePromises (/Users/user/workspace/hotel_server/node_modules/bluebird/js/release/promise.js:693:18)
    at Promise._fulfill (/Users/user/workspace/hotel_server/node_modules/bluebird/js/release/promise.js:638:18)
    at Promise._resolveCallback (/Users/user/workspace/hotel_server/node_modules/bluebird/js/release/promise.js:432:57)
    at Promise._settlePromiseFromHandler (/Users/user/workspace/hotel_server/node_modules/bluebird/js/release/promise.js:524:17)
    at Promise._settlePromise (/Users/user/workspace/hotel_server/node_modules/bluebird/js/release/promise.js:569:18)
***************  node  error log end ***************

[2018-01-25T16:10:27.460] [ERROR] errorLogger - 
***************  node error log start ***************
request url: /task/list?pageNow=1&pageSize=15
request method: GET
request client ip:  ::ffff:192.168.1.9
err name: TypeError
err message: Cannot read property 'name' of undefined
err stack: TypeError: Cannot read property 'name' of undefined
    at Task.findAll.then.result (/Users/user/workspace/hotel_server/controller/task.js:71:49)
    at tryCatcher (/Users/user/workspace/hotel_server/node_modules/bluebird/js/release/util.js:16:23)
    at Promise._settlePromiseFromHandler (/Users/user/workspace/hotel_server/node_modules/bluebird/js/release/promise.js:512:31)
    at Promise._settlePromise (/Users/user/workspace/hotel_server/node_modules/bluebird/js/release/promise.js:569:18)
    at Promise._settlePromise0 (/Users/user/workspace/hotel_server/node_modules/bluebird/js/release/promise.js:614:10)
    at Promise._settlePromises (/Users/user/workspace/hotel_server/node_modules/bluebird/js/release/promise.js:693:18)
    at Promise._fulfill (/Users/user/workspace/hotel_server/node_modules/bluebird/js/release/promise.js:638:18)
    at Promise._resolveCallback (/Users/user/workspace/hotel_server/node_modules/bluebird/js/release/promise.js:432:57)
    at Promise._settlePromiseFromHandler (/Users/user/workspace/hotel_server/node_modules/bluebird/js/release/promise.js:524:17)
    at Promise._settlePromise (/Users/user/workspace/hotel_server/node_modules/bluebird/js/release/promise.js:569:18)
    at Promise._settlePromise0 (/Users/user/workspace/hotel_server/node_modules/bluebird/js/release/promise.js:614:10)
    at Promise._settlePromises (/Users/user/workspace/hotel_server/node_modules/bluebird/js/release/promise.js:693:18)
    at Promise._fulfill (/Users/user/workspace/hotel_server/node_modules/bluebird/js/release/promise.js:638:18)
    at MappingPromiseArray.PromiseArray._resolve (/Users/user/workspace/hotel_server/node_modules/bluebird/js/release/promise_array.js:126:19)
    at MappingPromiseArray._promiseFulfilled (/Users/user/workspace/hotel_server/node_modules/bluebird/js/release/map.js:101:18)
    at Promise._settlePromise (/Users/user/workspace/hotel_server/node_modules/bluebird/js/release/promise.js:574:26)
    at Promise._settlePromise0 (/Users/user/workspace/hotel_server/node_modules/bluebird/js/release/promise.js:614:10)
    at Promise._settlePromises (/Users/user/workspace/hotel_server/node_modules/bluebird/js/release/promise.js:693:18)
    at Promise._fulfill (/Users/user/workspace/hotel_server/node_modules/bluebird/js/release/promise.js:638:18)
    at Promise._resolveCallback (/Users/user/workspace/hotel_server/node_modules/bluebird/js/release/promise.js:432:57)
    at Promise._settlePromiseFromHandler (/Users/user/workspace/hotel_server/node_modules/bluebird/js/release/promise.js:524:17)
    at Promise._settlePromise (/Users/user/workspace/hotel_server/node_modules/bluebird/js/release/promise.js:569:18)
***************  node  error log end ***************

[2018-01-25T16:17:18.131] [ERROR] errorLogger - 
***************  node error log start ***************
request url: /task/list?pageNow=1&pageSize=15
request method: GET
request client ip:  ::ffff:192.168.1.9
err name: ReferenceError
err message: EmployeeInfo is not defined
err stack: ReferenceError: EmployeeInfo is not defined
    at exports.getTaskList (/Users/user/workspace/hotel_server/controller/task.js:36:35)
    at Layer.handle [as handle_request] (/Users/user/workspace/hotel_server/node_modules/express/lib/router/layer.js:95:5)
    at next (/Users/user/workspace/hotel_server/node_modules/express/lib/router/route.js:137:13)
    at Route.dispatch (/Users/user/workspace/hotel_server/node_modules/express/lib/router/route.js:112:3)
    at Layer.handle [as handle_request] (/Users/user/workspace/hotel_server/node_modules/express/lib/router/layer.js:95:5)
    at /Users/user/workspace/hotel_server/node_modules/express/lib/router/index.js:281:22
    at Function.process_params (/Users/user/workspace/hotel_server/node_modules/express/lib/router/index.js:335:12)
    at next (/Users/user/workspace/hotel_server/node_modules/express/lib/router/index.js:275:10)
    at Function.handle (/Users/user/workspace/hotel_server/node_modules/express/lib/router/index.js:174:3)
    at router (/Users/user/workspace/hotel_server/node_modules/express/lib/router/index.js:47:12)
    at Layer.handle [as handle_request] (/Users/user/workspace/hotel_server/node_modules/express/lib/router/layer.js:95:5)
    at trim_prefix (/Users/user/workspace/hotel_server/node_modules/express/lib/router/index.js:317:13)
    at /Users/user/workspace/hotel_server/node_modules/express/lib/router/index.js:284:7
    at Function.process_params (/Users/user/workspace/hotel_server/node_modules/express/lib/router/index.js:335:12)
    at next (/Users/user/workspace/hotel_server/node_modules/express/lib/router/index.js:275:10)
    at Immediate.<anonymous> (/Users/user/workspace/hotel_server/node_modules/express-session/index.js:489:7)
    at runCallback (timers.js:793:20)
    at tryOnImmediate (timers.js:751:5)
    at processImmediate [as _immediateCallback] (timers.js:722:5)
***************  node  error log end ***************

[2018-01-25T16:38:17.305] [ERROR] errorLogger - 
***************  node error log start ***************
request url: /task/list?pageNow=1&pageSize=15
request method: GET
request client ip:  ::ffff:192.168.1.9
err name: ReferenceError
err message: async is not defined
err stack: ReferenceError: async is not defined
    at exports.getTaskList (/Users/user/workspace/hotel_server/controller/task.js:66:9)
    at Layer.handle [as handle_request] (/Users/user/workspace/hotel_server/node_modules/express/lib/router/layer.js:95:5)
    at next (/Users/user/workspace/hotel_server/node_modules/express/lib/router/route.js:137:13)
    at Route.dispatch (/Users/user/workspace/hotel_server/node_modules/express/lib/router/route.js:112:3)
    at Layer.handle [as handle_request] (/Users/user/workspace/hotel_server/node_modules/express/lib/router/layer.js:95:5)
    at /Users/user/workspace/hotel_server/node_modules/express/lib/router/index.js:281:22
    at Function.process_params (/Users/user/workspace/hotel_server/node_modules/express/lib/router/index.js:335:12)
    at next (/Users/user/workspace/hotel_server/node_modules/express/lib/router/index.js:275:10)
    at Function.handle (/Users/user/workspace/hotel_server/node_modules/express/lib/router/index.js:174:3)
    at router (/Users/user/workspace/hotel_server/node_modules/express/lib/router/index.js:47:12)
    at Layer.handle [as handle_request] (/Users/user/workspace/hotel_server/node_modules/express/lib/router/layer.js:95:5)
    at trim_prefix (/Users/user/workspace/hotel_server/node_modules/express/lib/router/index.js:317:13)
    at /Users/user/workspace/hotel_server/node_modules/express/lib/router/index.js:284:7
    at Function.process_params (/Users/user/workspace/hotel_server/node_modules/express/lib/router/index.js:335:12)
    at next (/Users/user/workspace/hotel_server/node_modules/express/lib/router/index.js:275:10)
    at Immediate.<anonymous> (/Users/user/workspace/hotel_server/node_modules/express-session/index.js:489:7)
    at runCallback (timers.js:793:20)
    at tryOnImmediate (timers.js:751:5)
    at processImmediate [as _immediateCallback] (timers.js:722:5)
***************  node  error log end ***************

[2018-01-25T18:27:45.141] [ERROR] errorLogger - 
***************  node error log start ***************
request url: /task/add
request method: POST
request client ip:  ::ffff:192.168.1.9
err name: SequelizeForeignKeyConstraintError
err message: Cannot add or update a child row: a foreign key constraint fails (`hotel`.`task_flow`, CONSTRAINT `task_flow_ibfk_1` FOREIGN KEY (`employee_id`) REFERENCES `employee` (`id`) ON DELETE SET NULL ON UPDATE CASCADE)
err stack: SequelizeForeignKeyConstraintError: Cannot add or update a child row: a foreign key constraint fails (`hotel`.`task_flow`, CONSTRAINT `task_flow_ibfk_1` FOREIGN KEY (`employee_id`) REFERENCES `employee` (`id`) ON DELETE SET NULL ON UPDATE CASCADE)
    at Query.formatError (/Users/user/workspace/hotel_server/node_modules/sequelize/lib/dialects/mysql/query.js:217:16)
    at Query.connection.query [as onResult] (/Users/user/workspace/hotel_server/node_modules/sequelize/lib/dialects/mysql/query.js:55:23)
    at Query.Command.execute (/Users/user/workspace/hotel_server/node_modules/mysql2/lib/commands/command.js:30:12)
    at Connection.handlePacket (/Users/user/workspace/hotel_server/node_modules/mysql2/lib/connection.js:515:28)
    at PacketParser.onPacket (/Users/user/workspace/hotel_server/node_modules/mysql2/lib/connection.js:94:16)
    at PacketParser.executeStart (/Users/user/workspace/hotel_server/node_modules/mysql2/lib/packet_parser.js:77:14)
    at Socket.<anonymous> (/Users/user/workspace/hotel_server/node_modules/mysql2/lib/connection.js:102:29)
    at emitOne (events.js:116:13)
    at Socket.emit (events.js:211:7)
    at addChunk (_stream_readable.js:263:12)
    at readableAddChunk (_stream_readable.js:250:11)
    at Socket.Readable.push (_stream_readable.js:208:10)
    at TCP.onread (net.js:594:20)
***************  node  error log end ***************

[2018-01-25T18:34:13.757] [ERROR] errorLogger - 
***************  node error log start ***************
request url: /task/add
request method: POST
request client ip:  ::ffff:192.168.1.9
err name: SequelizeForeignKeyConstraintError
err message: Cannot add or update a child row: a foreign key constraint fails (`hotel`.`task_flow`, CONSTRAINT `task_flow_ibfk_1` FOREIGN KEY (`employee_id`) REFERENCES `employee` (`id`) ON DELETE SET NULL ON UPDATE CASCADE)
err stack: SequelizeForeignKeyConstraintError: Cannot add or update a child row: a foreign key constraint fails (`hotel`.`task_flow`, CONSTRAINT `task_flow_ibfk_1` FOREIGN KEY (`employee_id`) REFERENCES `employee` (`id`) ON DELETE SET NULL ON UPDATE CASCADE)
    at Query.formatError (/Users/user/workspace/hotel_server/node_modules/sequelize/lib/dialects/mysql/query.js:217:16)
    at Query.connection.query [as onResult] (/Users/user/workspace/hotel_server/node_modules/sequelize/lib/dialects/mysql/query.js:55:23)
    at Query.Command.execute (/Users/user/workspace/hotel_server/node_modules/mysql2/lib/commands/command.js:30:12)
    at Connection.handlePacket (/Users/user/workspace/hotel_server/node_modules/mysql2/lib/connection.js:515:28)
    at PacketParser.onPacket (/Users/user/workspace/hotel_server/node_modules/mysql2/lib/connection.js:94:16)
    at PacketParser.executeStart (/Users/user/workspace/hotel_server/node_modules/mysql2/lib/packet_parser.js:77:14)
    at Socket.<anonymous> (/Users/user/workspace/hotel_server/node_modules/mysql2/lib/connection.js:102:29)
    at emitOne (events.js:116:13)
    at Socket.emit (events.js:211:7)
    at addChunk (_stream_readable.js:263:12)
    at readableAddChunk (_stream_readable.js:250:11)
    at Socket.Readable.push (_stream_readable.js:208:10)
    at TCP.onread (net.js:594:20)
***************  node  error log end ***************

[2018-01-25T18:36:34.199] [ERROR] errorLogger - 
***************  node error log start ***************
request url: /task/add
request method: POST
request client ip:  ::ffff:192.168.1.9
err name: SequelizeForeignKeyConstraintError
err message: Cannot add or update a child row: a foreign key constraint fails (`hotel`.`task_flow`, CONSTRAINT `task_flow_ibfk_1` FOREIGN KEY (`employee_id`) REFERENCES `employee` (`id`) ON DELETE SET NULL ON UPDATE CASCADE)
err stack: SequelizeForeignKeyConstraintError: Cannot add or update a child row: a foreign key constraint fails (`hotel`.`task_flow`, CONSTRAINT `task_flow_ibfk_1` FOREIGN KEY (`employee_id`) REFERENCES `employee` (`id`) ON DELETE SET NULL ON UPDATE CASCADE)
    at Query.formatError (/Users/user/workspace/hotel_server/node_modules/sequelize/lib/dialects/mysql/query.js:217:16)
    at Query.connection.query [as onResult] (/Users/user/workspace/hotel_server/node_modules/sequelize/lib/dialects/mysql/query.js:55:23)
    at Query.Command.execute (/Users/user/workspace/hotel_server/node_modules/mysql2/lib/commands/command.js:30:12)
    at Connection.handlePacket (/Users/user/workspace/hotel_server/node_modules/mysql2/lib/connection.js:515:28)
    at PacketParser.onPacket (/Users/user/workspace/hotel_server/node_modules/mysql2/lib/connection.js:94:16)
    at PacketParser.executeStart (/Users/user/workspace/hotel_server/node_modules/mysql2/lib/packet_parser.js:77:14)
    at Socket.<anonymous> (/Users/user/workspace/hotel_server/node_modules/mysql2/lib/connection.js:102:29)
    at emitOne (events.js:116:13)
    at Socket.emit (events.js:211:7)
    at addChunk (_stream_readable.js:263:12)
    at readableAddChunk (_stream_readable.js:250:11)
    at Socket.Readable.push (_stream_readable.js:208:10)
    at TCP.onread (net.js:594:20)
***************  node  error log end ***************

[2018-01-25T19:18:01.672] [ERROR] errorLogger - 
***************  node error log start ***************
request url: /task/add
request method: POST
request client ip:  ::ffff:192.168.1.9
err name: SequelizeForeignKeyConstraintError
err message: Cannot add or update a child row: a foreign key constraint fails (`hotel`.`task_flow`, CONSTRAINT `task_flow_ibfk_1` FOREIGN KEY (`employee_id`) REFERENCES `employee` (`id`) ON DELETE SET NULL ON UPDATE CASCADE)
err stack: SequelizeForeignKeyConstraintError: Cannot add or update a child row: a foreign key constraint fails (`hotel`.`task_flow`, CONSTRAINT `task_flow_ibfk_1` FOREIGN KEY (`employee_id`) REFERENCES `employee` (`id`) ON DELETE SET NULL ON UPDATE CASCADE)
    at Query.formatError (/Users/user/workspace/hotel_server/node_modules/sequelize/lib/dialects/mysql/query.js:217:16)
    at Query.connection.query [as onResult] (/Users/user/workspace/hotel_server/node_modules/sequelize/lib/dialects/mysql/query.js:55:23)
    at Query.Command.execute (/Users/user/workspace/hotel_server/node_modules/mysql2/lib/commands/command.js:30:12)
    at Connection.handlePacket (/Users/user/workspace/hotel_server/node_modules/mysql2/lib/connection.js:515:28)
    at PacketParser.onPacket (/Users/user/workspace/hotel_server/node_modules/mysql2/lib/connection.js:94:16)
    at PacketParser.executeStart (/Users/user/workspace/hotel_server/node_modules/mysql2/lib/packet_parser.js:77:14)
    at Socket.<anonymous> (/Users/user/workspace/hotel_server/node_modules/mysql2/lib/connection.js:102:29)
    at emitOne (events.js:116:13)
    at Socket.emit (events.js:211:7)
    at addChunk (_stream_readable.js:263:12)
    at readableAddChunk (_stream_readable.js:250:11)
    at Socket.Readable.push (_stream_readable.js:208:10)
    at TCP.onread (net.js:594:20)
***************  node  error log end ***************

[2018-01-25T19:42:59.211] [ERROR] errorLogger - 
***************  node error log start ***************
request url: /task/add
request method: POST
request client ip:  ::ffff:192.168.1.9
err name: SequelizeForeignKeyConstraintError
err message: Cannot add or update a child row: a foreign key constraint fails (`hotel`.`task_flow`, CONSTRAINT `task_flow_ibfk_1` FOREIGN KEY (`employee_id`) REFERENCES `employee` (`id`) ON DELETE SET NULL ON UPDATE CASCADE)
err stack: SequelizeForeignKeyConstraintError: Cannot add or update a child row: a foreign key constraint fails (`hotel`.`task_flow`, CONSTRAINT `task_flow_ibfk_1` FOREIGN KEY (`employee_id`) REFERENCES `employee` (`id`) ON DELETE SET NULL ON UPDATE CASCADE)
    at Query.formatError (/Users/user/workspace/hotel_server/node_modules/sequelize/lib/dialects/mysql/query.js:217:16)
    at Query.connection.query [as onResult] (/Users/user/workspace/hotel_server/node_modules/sequelize/lib/dialects/mysql/query.js:55:23)
    at Query.Command.execute (/Users/user/workspace/hotel_server/node_modules/mysql2/lib/commands/command.js:30:12)
    at Connection.handlePacket (/Users/user/workspace/hotel_server/node_modules/mysql2/lib/connection.js:515:28)
    at PacketParser.onPacket (/Users/user/workspace/hotel_server/node_modules/mysql2/lib/connection.js:94:16)
    at PacketParser.executeStart (/Users/user/workspace/hotel_server/node_modules/mysql2/lib/packet_parser.js:77:14)
    at Socket.<anonymous> (/Users/user/workspace/hotel_server/node_modules/mysql2/lib/connection.js:102:29)
    at emitOne (events.js:116:13)
    at Socket.emit (events.js:211:7)
    at addChunk (_stream_readable.js:263:12)
    at readableAddChunk (_stream_readable.js:250:11)
    at Socket.Readable.push (_stream_readable.js:208:10)
    at TCP.onread (net.js:594:20)
***************  node  error log end ***************

