[2017-12-07T16:44:16.750] [ERROR] errorLogger - 
***************  node error log start ***************
request url: /users/doLogin
request method: POST
request client ip:  ::1
err name: ReferenceError
err message: userObjs is not defined
err stack: ReferenceError: userObjs is not defined
    at exports.loginAction (/Users/user/workspace/hotel_server/controller/user.js:22:13)
    at Layer.handle [as handle_request] (/Users/user/workspace/hotel_server/node_modules/express/lib/router/layer.js:95:5)
    at next (/Users/user/workspace/hotel_server/node_modules/express/lib/router/route.js:137:13)
    at Route.dispatch (/Users/user/workspace/hotel_server/node_modules/express/lib/router/route.js:112:3)
    at Layer.handle [as handle_request] (/Users/user/workspace/hotel_server/node_modules/express/lib/router/layer.js:95:5)
    at /Users/user/workspace/hotel_server/node_modules/express/lib/router/index.js:281:22
    at Function.process_params (/Users/user/workspace/hotel_server/node_modules/express/lib/router/index.js:335:12)
    at next (/Users/user/workspace/hotel_server/node_modules/express/lib/router/index.js:275:10)
    at Function.handle (/Users/user/workspace/hotel_server/node_modules/express/lib/router/index.js:174:3)
    at router (/Users/user/workspace/hotel_server/node_modules/express/lib/router/index.js:47:12)
    at Layer.handle [as handle_request] (/Users/user/workspace/hotel_server/node_modules/express/lib/router/layer.js:95:5)
    at trim_prefix (/Users/user/workspace/hotel_server/node_modules/express/lib/router/index.js:317:13)
    at /Users/user/workspace/hotel_server/node_modules/express/lib/router/index.js:284:7
    at Function.process_params (/Users/user/workspace/hotel_server/node_modules/express/lib/router/index.js:335:12)
    at next (/Users/user/workspace/hotel_server/node_modules/express/lib/router/index.js:275:10)
    at session (/Users/user/workspace/hotel_server/node_modules/express-session/index.js:454:7)
    at Layer.handle [as handle_request] (/Users/user/workspace/hotel_server/node_modules/express/lib/router/layer.js:95:5)
    at trim_prefix (/Users/user/workspace/hotel_server/node_modules/express/lib/router/index.js:317:13)
    at /Users/user/workspace/hotel_server/node_modules/express/lib/router/index.js:284:7
    at Function.process_params (/Users/user/workspace/hotel_server/node_modules/express/lib/router/index.js:335:12)
    at next (/Users/user/workspace/hotel_server/node_modules/express/lib/router/index.js:275:10)
    at cookieParser (/Users/user/workspace/hotel_server/node_modules/cookie-parser/index.js:56:14)
***************  node  error log end ***************

[2017-12-07T16:44:43.097] [ERROR] errorLogger - 
***************  node error log start ***************
request url: /users/doLogin
request method: POST
request client ip:  ::1
err name: SequelizeDatabaseError
err message: Unknown column 'userNames' in 'field list'
err stack: SequelizeDatabaseError: Unknown column 'userNames' in 'field list'
    at Query.formatError (/Users/user/workspace/hotel_server/node_modules/sequelize/lib/dialects/mysql/query.js:228:16)
    at Query.connection.query [as onResult] (/Users/user/workspace/hotel_server/node_modules/sequelize/lib/dialects/mysql/query.js:55:23)
    at Query.Command.execute (/Users/user/workspace/hotel_server/node_modules/mysql2/lib/commands/command.js:30:12)
    at Connection.handlePacket (/Users/user/workspace/hotel_server/node_modules/mysql2/lib/connection.js:515:28)
    at PacketParser.onPacket (/Users/user/workspace/hotel_server/node_modules/mysql2/lib/connection.js:94:16)
    at PacketParser.executeStart (/Users/user/workspace/hotel_server/node_modules/mysql2/lib/packet_parser.js:77:14)
    at Socket.<anonymous> (/Users/user/workspace/hotel_server/node_modules/mysql2/lib/connection.js:102:29)
    at emitOne (events.js:116:13)
    at Socket.emit (events.js:211:7)
    at addChunk (_stream_readable.js:263:12)
    at readableAddChunk (_stream_readable.js:250:11)
    at Socket.Readable.push (_stream_readable.js:208:10)
    at TCP.onread (net.js:594:20)
***************  node  error log end ***************

[2017-12-07T16:57:28.641] [ERROR] errorLogger - 
***************  node error log start ***************
request url: /users/doLogin
request method: POST
request client ip:  ::1
err name: TypeError
err message: Cannot read property 'success' of undefined
err stack: TypeError: Cannot read property 'success' of undefined
    at Employee.findOne.then.result (/Users/user/workspace/hotel_server/controller/user.js:37:31)
    at tryCatcher (/Users/user/workspace/hotel_server/node_modules/bluebird/js/release/util.js:16:23)
    at Promise._settlePromiseFromHandler (/Users/user/workspace/hotel_server/node_modules/bluebird/js/release/promise.js:512:31)
    at Promise._settlePromise (/Users/user/workspace/hotel_server/node_modules/bluebird/js/release/promise.js:569:18)
    at Promise._settlePromise0 (/Users/user/workspace/hotel_server/node_modules/bluebird/js/release/promise.js:614:10)
    at Promise._settlePromises (/Users/user/workspace/hotel_server/node_modules/bluebird/js/release/promise.js:693:18)
    at Async._drainQueue (/Users/user/workspace/hotel_server/node_modules/bluebird/js/release/async.js:133:16)
    at Async._drainQueues (/Users/user/workspace/hotel_server/node_modules/bluebird/js/release/async.js:143:10)
    at Immediate.Async.drainQueues (/Users/user/workspace/hotel_server/node_modules/bluebird/js/release/async.js:17:14)
    at runCallback (timers.js:789:20)
    at tryOnImmediate (timers.js:751:5)
    at processImmediate [as _immediateCallback] (timers.js:722:5)
***************  node  error log end ***************

[2017-12-07T16:58:04.629] [ERROR] errorLogger - 
***************  node error log start ***************
request url: /users/doLogin
request method: POST
request client ip:  ::1
err name: TypeError
err message: Cannot read property 'success' of undefined
err stack: TypeError: Cannot read property 'success' of undefined
    at Employee.findOne.then.result (/Users/user/workspace/hotel_server/controller/user.js:37:31)
    at tryCatcher (/Users/user/workspace/hotel_server/node_modules/bluebird/js/release/util.js:16:23)
    at Promise._settlePromiseFromHandler (/Users/user/workspace/hotel_server/node_modules/bluebird/js/release/promise.js:512:31)
    at Promise._settlePromise (/Users/user/workspace/hotel_server/node_modules/bluebird/js/release/promise.js:569:18)
    at Promise._settlePromise0 (/Users/user/workspace/hotel_server/node_modules/bluebird/js/release/promise.js:614:10)
    at Promise._settlePromises (/Users/user/workspace/hotel_server/node_modules/bluebird/js/release/promise.js:693:18)
    at Async._drainQueue (/Users/user/workspace/hotel_server/node_modules/bluebird/js/release/async.js:133:16)
    at Async._drainQueues (/Users/user/workspace/hotel_server/node_modules/bluebird/js/release/async.js:143:10)
    at Immediate.Async.drainQueues (/Users/user/workspace/hotel_server/node_modules/bluebird/js/release/async.js:17:14)
    at runCallback (timers.js:789:20)
    at tryOnImmediate (timers.js:751:5)
    at processImmediate [as _immediateCallback] (timers.js:722:5)
***************  node  error log end ***************

[2017-12-07T16:59:24.389] [ERROR] errorLogger - 
***************  node error log start ***************
request url: /users/doLogin
request method: POST
request client ip:  ::1
err name: TypeError
err message: Cannot read property 'success' of undefined
err stack: TypeError: Cannot read property 'success' of undefined
    at Employee.findOne.then.result (/Users/user/workspace/hotel_server/controller/user.js:37:31)
    at tryCatcher (/Users/user/workspace/hotel_server/node_modules/bluebird/js/release/util.js:16:23)
    at Promise._settlePromiseFromHandler (/Users/user/workspace/hotel_server/node_modules/bluebird/js/release/promise.js:512:31)
    at Promise._settlePromise (/Users/user/workspace/hotel_server/node_modules/bluebird/js/release/promise.js:569:18)
    at Promise._settlePromise0 (/Users/user/workspace/hotel_server/node_modules/bluebird/js/release/promise.js:614:10)
    at Promise._settlePromises (/Users/user/workspace/hotel_server/node_modules/bluebird/js/release/promise.js:693:18)
    at Async._drainQueue (/Users/user/workspace/hotel_server/node_modules/bluebird/js/release/async.js:133:16)
    at Async._drainQueues (/Users/user/workspace/hotel_server/node_modules/bluebird/js/release/async.js:143:10)
    at Immediate.Async.drainQueues (/Users/user/workspace/hotel_server/node_modules/bluebird/js/release/async.js:17:14)
    at runCallback (timers.js:789:20)
    at tryOnImmediate (timers.js:751:5)
    at processImmediate [as _immediateCallback] (timers.js:722:5)
***************  node  error log end ***************

[2017-12-07T17:05:01.351] [ERROR] errorLogger - 
***************  node error log start ***************
request url: /users/doLogin
request method: POST
request client ip:  ::1
err name: TypeError
err message: Cannot read property 'success' of undefined
err stack: TypeError: Cannot read property 'success' of undefined
    at Employee.findOne.then.result (/Users/user/workspace/hotel_server/controller/user.js:38:31)
    at tryCatcher (/Users/user/workspace/hotel_server/node_modules/bluebird/js/release/util.js:16:23)
    at Promise._settlePromiseFromHandler (/Users/user/workspace/hotel_server/node_modules/bluebird/js/release/promise.js:512:31)
    at Promise._settlePromise (/Users/user/workspace/hotel_server/node_modules/bluebird/js/release/promise.js:569:18)
    at Promise._settlePromise0 (/Users/user/workspace/hotel_server/node_modules/bluebird/js/release/promise.js:614:10)
    at Promise._settlePromises (/Users/user/workspace/hotel_server/node_modules/bluebird/js/release/promise.js:693:18)
    at Async._drainQueue (/Users/user/workspace/hotel_server/node_modules/bluebird/js/release/async.js:133:16)
    at Async._drainQueues (/Users/user/workspace/hotel_server/node_modules/bluebird/js/release/async.js:143:10)
    at Immediate.Async.drainQueues (/Users/user/workspace/hotel_server/node_modules/bluebird/js/release/async.js:17:14)
    at runCallback (timers.js:789:20)
    at tryOnImmediate (timers.js:751:5)
    at processImmediate [as _immediateCallback] (timers.js:722:5)
***************  node  error log end ***************

[2017-12-07T17:05:50.320] [ERROR] errorLogger - 
***************  node error log start ***************
request url: /users/doLogin
request method: POST
request client ip:  ::1
err name: TypeError
err message: Cannot read property 'success' of undefined
err stack: TypeError: Cannot read property 'success' of undefined
    at Employee.findOne.then.result (/Users/user/workspace/hotel_server/controller/user.js:39:31)
    at tryCatcher (/Users/user/workspace/hotel_server/node_modules/bluebird/js/release/util.js:16:23)
    at Promise._settlePromiseFromHandler (/Users/user/workspace/hotel_server/node_modules/bluebird/js/release/promise.js:512:31)
    at Promise._settlePromise (/Users/user/workspace/hotel_server/node_modules/bluebird/js/release/promise.js:569:18)
    at Promise._settlePromise0 (/Users/user/workspace/hotel_server/node_modules/bluebird/js/release/promise.js:614:10)
    at Promise._settlePromises (/Users/user/workspace/hotel_server/node_modules/bluebird/js/release/promise.js:693:18)
    at Async._drainQueue (/Users/user/workspace/hotel_server/node_modules/bluebird/js/release/async.js:133:16)
    at Async._drainQueues (/Users/user/workspace/hotel_server/node_modules/bluebird/js/release/async.js:143:10)
    at Immediate.Async.drainQueues (/Users/user/workspace/hotel_server/node_modules/bluebird/js/release/async.js:17:14)
    at runCallback (timers.js:789:20)
    at tryOnImmediate (timers.js:751:5)
    at processImmediate [as _immediateCallback] (timers.js:722:5)
***************  node  error log end ***************

[2017-12-07T17:15:10.737] [ERROR] errorLogger - 
***************  node error log start ***************
request url: /users/doLogin
request method: POST
request client ip:  ::1
err name: TypeError
err message: Cannot read property 'success' of undefined
err stack: TypeError: Cannot read property 'success' of undefined
    at Employee.findOne.then.result (/Users/user/workspace/hotel_server/controller/user.js:39:31)
    at tryCatcher (/Users/user/workspace/hotel_server/node_modules/bluebird/js/release/util.js:16:23)
    at Promise._settlePromiseFromHandler (/Users/user/workspace/hotel_server/node_modules/bluebird/js/release/promise.js:512:31)
    at Promise._settlePromise (/Users/user/workspace/hotel_server/node_modules/bluebird/js/release/promise.js:569:18)
    at Promise._settlePromise0 (/Users/user/workspace/hotel_server/node_modules/bluebird/js/release/promise.js:614:10)
    at Promise._settlePromises (/Users/user/workspace/hotel_server/node_modules/bluebird/js/release/promise.js:693:18)
    at Async._drainQueue (/Users/user/workspace/hotel_server/node_modules/bluebird/js/release/async.js:133:16)
    at Async._drainQueues (/Users/user/workspace/hotel_server/node_modules/bluebird/js/release/async.js:143:10)
    at Immediate.Async.drainQueues (/Users/user/workspace/hotel_server/node_modules/bluebird/js/release/async.js:17:14)
    at runCallback (timers.js:789:20)
    at tryOnImmediate (timers.js:751:5)
    at processImmediate [as _immediateCallback] (timers.js:722:5)
***************  node  error log end ***************

[2017-12-07T22:48:37.888] [ERROR] errorLogger - 
***************  node error log start ***************
request url: /login
request method: GET
request client ip:  ::1
err name: TypeError
err message: Cannot read property 'userInfo' of undefined
err stack: TypeError: Cannot read property 'userInfo' of undefined
    at Employee.findOne.then.result (/Users/user/workspace/hotel_server/controller/employee.js:34:25)
    at tryCatcher (/Users/user/workspace/hotel_server/node_modules/bluebird/js/release/util.js:16:23)
    at Promise._settlePromiseFromHandler (/Users/user/workspace/hotel_server/node_modules/bluebird/js/release/promise.js:512:31)
    at Promise._settlePromise (/Users/user/workspace/hotel_server/node_modules/bluebird/js/release/promise.js:569:18)
    at Promise._settlePromise0 (/Users/user/workspace/hotel_server/node_modules/bluebird/js/release/promise.js:614:10)
    at Promise._settlePromises (/Users/user/workspace/hotel_server/node_modules/bluebird/js/release/promise.js:693:18)
    at Async._drainQueue (/Users/user/workspace/hotel_server/node_modules/bluebird/js/release/async.js:133:16)
    at Async._drainQueues (/Users/user/workspace/hotel_server/node_modules/bluebird/js/release/async.js:143:10)
    at Immediate.Async.drainQueues (/Users/user/workspace/hotel_server/node_modules/bluebird/js/release/async.js:17:14)
    at runCallback (timers.js:789:20)
    at tryOnImmediate (timers.js:751:5)
    at processImmediate [as _immediateCallback] (timers.js:722:5)
***************  node  error log end ***************

[2017-12-07T23:29:00.186] [ERROR] errorLogger - 
***************  node error log start ***************
request url: /login
request method: GET
request client ip:  ::1
err name: ReferenceError
err message: Employees is not defined
err stack: ReferenceError: Employees is not defined
    at exports.loginTest (/Users/user/workspace/hotel_server/controller/employee.js:22:6)
    at Layer.handle [as handle_request] (/Users/user/workspace/hotel_server/node_modules/express/lib/router/layer.js:95:5)
    at next (/Users/user/workspace/hotel_server/node_modules/express/lib/router/route.js:137:13)
    at Route.dispatch (/Users/user/workspace/hotel_server/node_modules/express/lib/router/route.js:112:3)
    at Layer.handle [as handle_request] (/Users/user/workspace/hotel_server/node_modules/express/lib/router/layer.js:95:5)
    at /Users/user/workspace/hotel_server/node_modules/express/lib/router/index.js:281:22
    at Function.process_params (/Users/user/workspace/hotel_server/node_modules/express/lib/router/index.js:335:12)
    at next (/Users/user/workspace/hotel_server/node_modules/express/lib/router/index.js:275:10)
    at router.use (/Users/user/workspace/hotel_server/router/api.js:70:3)
    at Layer.handle [as handle_request] (/Users/user/workspace/hotel_server/node_modules/express/lib/router/layer.js:95:5)
    at trim_prefix (/Users/user/workspace/hotel_server/node_modules/express/lib/router/index.js:317:13)
    at /Users/user/workspace/hotel_server/node_modules/express/lib/router/index.js:284:7
    at Function.process_params (/Users/user/workspace/hotel_server/node_modules/express/lib/router/index.js:335:12)
    at next (/Users/user/workspace/hotel_server/node_modules/express/lib/router/index.js:275:10)
    at Function.handle (/Users/user/workspace/hotel_server/node_modules/express/lib/router/index.js:174:3)
    at router (/Users/user/workspace/hotel_server/node_modules/express/lib/router/index.js:47:12)
    at Layer.handle [as handle_request] (/Users/user/workspace/hotel_server/node_modules/express/lib/router/layer.js:95:5)
    at trim_prefix (/Users/user/workspace/hotel_server/node_modules/express/lib/router/index.js:317:13)
    at /Users/user/workspace/hotel_server/node_modules/express/lib/router/index.js:284:7
    at Function.process_params (/Users/user/workspace/hotel_server/node_modules/express/lib/router/index.js:335:12)
    at next (/Users/user/workspace/hotel_server/node_modules/express/lib/router/index.js:275:10)
    at Immediate.<anonymous> (/Users/user/workspace/hotel_server/node_modules/express-session/index.js:489:7)
***************  node  error log end ***************

[2017-12-07T23:29:50.382] [ERROR] errorLogger - 
***************  node error log start ***************
request url: /login
request method: GET
request client ip:  ::1
err name: ReferenceError
err message: Employees is not defined
err stack: ReferenceError: Employees is not defined
    at exports.loginTest (/Users/user/workspace/hotel_server/controller/employee.js:22:6)
    at Layer.handle [as handle_request] (/Users/user/workspace/hotel_server/node_modules/express/lib/router/layer.js:95:5)
    at next (/Users/user/workspace/hotel_server/node_modules/express/lib/router/route.js:137:13)
    at Route.dispatch (/Users/user/workspace/hotel_server/node_modules/express/lib/router/route.js:112:3)
    at Layer.handle [as handle_request] (/Users/user/workspace/hotel_server/node_modules/express/lib/router/layer.js:95:5)
    at /Users/user/workspace/hotel_server/node_modules/express/lib/router/index.js:281:22
    at Function.process_params (/Users/user/workspace/hotel_server/node_modules/express/lib/router/index.js:335:12)
    at next (/Users/user/workspace/hotel_server/node_modules/express/lib/router/index.js:275:10)
    at router.use (/Users/user/workspace/hotel_server/router/api.js:70:3)
    at Layer.handle [as handle_request] (/Users/user/workspace/hotel_server/node_modules/express/lib/router/layer.js:95:5)
    at trim_prefix (/Users/user/workspace/hotel_server/node_modules/express/lib/router/index.js:317:13)
    at /Users/user/workspace/hotel_server/node_modules/express/lib/router/index.js:284:7
    at Function.process_params (/Users/user/workspace/hotel_server/node_modules/express/lib/router/index.js:335:12)
    at next (/Users/user/workspace/hotel_server/node_modules/express/lib/router/index.js:275:10)
    at Function.handle (/Users/user/workspace/hotel_server/node_modules/express/lib/router/index.js:174:3)
    at router (/Users/user/workspace/hotel_server/node_modules/express/lib/router/index.js:47:12)
    at Layer.handle [as handle_request] (/Users/user/workspace/hotel_server/node_modules/express/lib/router/layer.js:95:5)
    at trim_prefix (/Users/user/workspace/hotel_server/node_modules/express/lib/router/index.js:317:13)
    at /Users/user/workspace/hotel_server/node_modules/express/lib/router/index.js:284:7
    at Function.process_params (/Users/user/workspace/hotel_server/node_modules/express/lib/router/index.js:335:12)
    at next (/Users/user/workspace/hotel_server/node_modules/express/lib/router/index.js:275:10)
    at Immediate.<anonymous> (/Users/user/workspace/hotel_server/node_modules/express-session/index.js:489:7)
***************  node  error log end ***************

[2017-12-07T23:37:50.016] [ERROR] errorLogger - 
***************  node error log start ***************
request url: /login
request method: GET
request client ip:  ::1
err name: ReferenceError
err message: Employees is not defined
err stack: ReferenceError: Employees is not defined
    at exports.loginTest (/Users/user/workspace/hotel_server/controller/employee.js:22:6)
    at Layer.handle [as handle_request] (/Users/user/workspace/hotel_server/node_modules/express/lib/router/layer.js:95:5)
    at next (/Users/user/workspace/hotel_server/node_modules/express/lib/router/route.js:137:13)
    at Route.dispatch (/Users/user/workspace/hotel_server/node_modules/express/lib/router/route.js:112:3)
    at Layer.handle [as handle_request] (/Users/user/workspace/hotel_server/node_modules/express/lib/router/layer.js:95:5)
    at /Users/user/workspace/hotel_server/node_modules/express/lib/router/index.js:281:22
    at Function.process_params (/Users/user/workspace/hotel_server/node_modules/express/lib/router/index.js:335:12)
    at next (/Users/user/workspace/hotel_server/node_modules/express/lib/router/index.js:275:10)
    at router.use (/Users/user/workspace/hotel_server/router/api.js:71:3)
    at Layer.handle [as handle_request] (/Users/user/workspace/hotel_server/node_modules/express/lib/router/layer.js:95:5)
    at trim_prefix (/Users/user/workspace/hotel_server/node_modules/express/lib/router/index.js:317:13)
    at /Users/user/workspace/hotel_server/node_modules/express/lib/router/index.js:284:7
    at Function.process_params (/Users/user/workspace/hotel_server/node_modules/express/lib/router/index.js:335:12)
    at next (/Users/user/workspace/hotel_server/node_modules/express/lib/router/index.js:275:10)
    at Function.handle (/Users/user/workspace/hotel_server/node_modules/express/lib/router/index.js:174:3)
    at router (/Users/user/workspace/hotel_server/node_modules/express/lib/router/index.js:47:12)
    at Layer.handle [as handle_request] (/Users/user/workspace/hotel_server/node_modules/express/lib/router/layer.js:95:5)
    at trim_prefix (/Users/user/workspace/hotel_server/node_modules/express/lib/router/index.js:317:13)
    at /Users/user/workspace/hotel_server/node_modules/express/lib/router/index.js:284:7
    at Function.process_params (/Users/user/workspace/hotel_server/node_modules/express/lib/router/index.js:335:12)
    at next (/Users/user/workspace/hotel_server/node_modules/express/lib/router/index.js:275:10)
    at Immediate.<anonymous> (/Users/user/workspace/hotel_server/node_modules/express-session/index.js:489:7)
***************  node  error log end ***************

