[2017-12-27T10:37:51.208] [ERROR] errorLogger - 
***************  node error log start ***************
request url: /employee/add
request method: POST
request client ip:  ::1
err name: SequelizeForeignKeyConstraintError
err message: Cannot add or update a child row: a foreign key constraint fails (`hotel`.`employee`, CONSTRAINT `employee_ibfk_1` FOREIGN KEY (`department_id`) REFERENCES `department` (`id`) ON DELETE SET NULL ON UPDATE CASCADE)
err stack: SequelizeForeignKeyConstraintError: Cannot add or update a child row: a foreign key constraint fails (`hotel`.`employee`, CONSTRAINT `employee_ibfk_1` FOREIGN KEY (`department_id`) REFERENCES `department` (`id`) ON DELETE SET NULL ON UPDATE CASCADE)
    at Query.formatError (/Users/user/workspace/hotel_server/node_modules/sequelize/lib/dialects/mysql/query.js:217:16)
    at Query.connection.query [as onResult] (/Users/user/workspace/hotel_server/node_modules/sequelize/lib/dialects/mysql/query.js:55:23)
    at Query.Command.execute (/Users/user/workspace/hotel_server/node_modules/mysql2/lib/commands/command.js:30:12)
    at Connection.handlePacket (/Users/user/workspace/hotel_server/node_modules/mysql2/lib/connection.js:515:28)
    at PacketParser.onPacket (/Users/user/workspace/hotel_server/node_modules/mysql2/lib/connection.js:94:16)
    at PacketParser.executeStart (/Users/user/workspace/hotel_server/node_modules/mysql2/lib/packet_parser.js:77:14)
    at Socket.<anonymous> (/Users/user/workspace/hotel_server/node_modules/mysql2/lib/connection.js:102:29)
    at emitOne (events.js:116:13)
    at Socket.emit (events.js:211:7)
    at addChunk (_stream_readable.js:263:12)
    at readableAddChunk (_stream_readable.js:250:11)
    at Socket.Readable.push (_stream_readable.js:208:10)
    at TCP.onread (net.js:594:20)
***************  node  error log end ***************

[2017-12-27T11:14:33.795] [ERROR] errorLogger - 
***************  node error log start ***************
request url: /schedule/list
request method: GET
request client ip:  ::1
err name: SequelizeEagerLoadingError
err message: Employee is not associated to WorkSchedule!
err stack: SequelizeEagerLoadingError: Employee is not associated to WorkSchedule!
    at Function._getIncludedAssociation (/Users/user/workspace/hotel_server/node_modules/sequelize/lib/model.js:582:13)
    at Function._validateIncludedElement (/Users/user/workspace/hotel_server/node_modules/sequelize/lib/model.js:498:53)
    at options.include.options.include.map.include (/Users/user/workspace/hotel_server/node_modules/sequelize/lib/model.js:394:37)
    at Array.map (<anonymous>)
    at Function._validateIncludedElements (/Users/user/workspace/hotel_server/node_modules/sequelize/lib/model.js:390:39)
    at Promise.try.then.then (/Users/user/workspace/hotel_server/node_modules/sequelize/lib/model.js:1533:14)
    at tryCatcher (/Users/user/workspace/hotel_server/node_modules/bluebird/js/release/util.js:16:23)
    at Promise._settlePromiseFromHandler (/Users/user/workspace/hotel_server/node_modules/bluebird/js/release/promise.js:512:31)
    at Promise._settlePromise (/Users/user/workspace/hotel_server/node_modules/bluebird/js/release/promise.js:569:18)
    at Promise._settlePromise0 (/Users/user/workspace/hotel_server/node_modules/bluebird/js/release/promise.js:614:10)
    at Promise._settlePromises (/Users/user/workspace/hotel_server/node_modules/bluebird/js/release/promise.js:693:18)
    at Async._drainQueue (/Users/user/workspace/hotel_server/node_modules/bluebird/js/release/async.js:133:16)
    at Async._drainQueues (/Users/user/workspace/hotel_server/node_modules/bluebird/js/release/async.js:143:10)
    at Immediate.Async.drainQueues (/Users/user/workspace/hotel_server/node_modules/bluebird/js/release/async.js:17:14)
    at runCallback (timers.js:789:20)
    at tryOnImmediate (timers.js:751:5)
    at processImmediate [as _immediateCallback] (timers.js:722:5)
***************  node  error log end ***************

[2017-12-27T11:36:04.386] [ERROR] errorLogger - 
***************  node error log start ***************
request url: /schedule/list
request method: GET
request client ip:  ::1
err name: Error
err message: Only HasMany associations support include.separate
err stack: Error: Only HasMany associations support include.separate
    at Function._validateIncludedElement (/Users/user/workspace/hotel_server/node_modules/sequelize/lib/model.js:559:13)
    at options.include.options.include.map.include (/Users/user/workspace/hotel_server/node_modules/sequelize/lib/model.js:394:37)
    at Array.map (<anonymous>)
    at Function._validateIncludedElements (/Users/user/workspace/hotel_server/node_modules/sequelize/lib/model.js:390:39)
    at Promise.try.then.then (/Users/user/workspace/hotel_server/node_modules/sequelize/lib/model.js:1533:14)
    at tryCatcher (/Users/user/workspace/hotel_server/node_modules/bluebird/js/release/util.js:16:23)
    at Promise._settlePromiseFromHandler (/Users/user/workspace/hotel_server/node_modules/bluebird/js/release/promise.js:512:31)
    at Promise._settlePromise (/Users/user/workspace/hotel_server/node_modules/bluebird/js/release/promise.js:569:18)
    at Promise._settlePromise0 (/Users/user/workspace/hotel_server/node_modules/bluebird/js/release/promise.js:614:10)
    at Promise._settlePromises (/Users/user/workspace/hotel_server/node_modules/bluebird/js/release/promise.js:693:18)
    at Async._drainQueue (/Users/user/workspace/hotel_server/node_modules/bluebird/js/release/async.js:133:16)
    at Async._drainQueues (/Users/user/workspace/hotel_server/node_modules/bluebird/js/release/async.js:143:10)
    at Immediate.Async.drainQueues (/Users/user/workspace/hotel_server/node_modules/bluebird/js/release/async.js:17:14)
    at runCallback (timers.js:789:20)
    at tryOnImmediate (timers.js:751:5)
    at processImmediate [as _immediateCallback] (timers.js:722:5)
***************  node  error log end ***************

[2017-12-27T11:36:29.771] [ERROR] errorLogger - 
***************  node error log start ***************
request url: /schedule/list
request method: GET
request client ip:  ::1
err name: Error
err message: Only HasMany associations support include.separate
err stack: Error: Only HasMany associations support include.separate
    at Function._validateIncludedElement (/Users/user/workspace/hotel_server/node_modules/sequelize/lib/model.js:559:13)
    at options.include.options.include.map.include (/Users/user/workspace/hotel_server/node_modules/sequelize/lib/model.js:394:37)
    at Array.map (<anonymous>)
    at Function._validateIncludedElements (/Users/user/workspace/hotel_server/node_modules/sequelize/lib/model.js:390:39)
    at Promise.try.then.then (/Users/user/workspace/hotel_server/node_modules/sequelize/lib/model.js:1533:14)
    at tryCatcher (/Users/user/workspace/hotel_server/node_modules/bluebird/js/release/util.js:16:23)
    at Promise._settlePromiseFromHandler (/Users/user/workspace/hotel_server/node_modules/bluebird/js/release/promise.js:512:31)
    at Promise._settlePromise (/Users/user/workspace/hotel_server/node_modules/bluebird/js/release/promise.js:569:18)
    at Promise._settlePromise0 (/Users/user/workspace/hotel_server/node_modules/bluebird/js/release/promise.js:614:10)
    at Promise._settlePromises (/Users/user/workspace/hotel_server/node_modules/bluebird/js/release/promise.js:693:18)
    at Async._drainQueue (/Users/user/workspace/hotel_server/node_modules/bluebird/js/release/async.js:133:16)
    at Async._drainQueues (/Users/user/workspace/hotel_server/node_modules/bluebird/js/release/async.js:143:10)
    at Immediate.Async.drainQueues (/Users/user/workspace/hotel_server/node_modules/bluebird/js/release/async.js:17:14)
    at runCallback (timers.js:789:20)
    at tryOnImmediate (timers.js:751:5)
    at processImmediate [as _immediateCallback] (timers.js:722:5)
***************  node  error log end ***************

[2017-12-27T11:41:05.051] [ERROR] errorLogger - 
***************  node error log start ***************
request url: /schedule/list
request method: GET
request client ip:  ::1
err name: TypeError
err message: Cannot read property 'username' of undefined
err stack: TypeError: Cannot read property 'username' of undefined
    at WorkSchedule.findAll.then.result (/Users/user/workspace/hotel_server/controller/workSchedule.js:80:36)
    at tryCatcher (/Users/user/workspace/hotel_server/node_modules/bluebird/js/release/util.js:16:23)
    at Promise._settlePromiseFromHandler (/Users/user/workspace/hotel_server/node_modules/bluebird/js/release/promise.js:512:31)
    at Promise._settlePromise (/Users/user/workspace/hotel_server/node_modules/bluebird/js/release/promise.js:569:18)
    at Promise._settlePromise0 (/Users/user/workspace/hotel_server/node_modules/bluebird/js/release/promise.js:614:10)
    at Promise._settlePromises (/Users/user/workspace/hotel_server/node_modules/bluebird/js/release/promise.js:693:18)
    at Async._drainQueue (/Users/user/workspace/hotel_server/node_modules/bluebird/js/release/async.js:133:16)
    at Async._drainQueues (/Users/user/workspace/hotel_server/node_modules/bluebird/js/release/async.js:143:10)
    at Immediate.Async.drainQueues (/Users/user/workspace/hotel_server/node_modules/bluebird/js/release/async.js:17:14)
    at runCallback (timers.js:789:20)
    at tryOnImmediate (timers.js:751:5)
    at processImmediate [as _immediateCallback] (timers.js:722:5)
***************  node  error log end ***************

[2017-12-27T11:44:15.190] [ERROR] errorLogger - 
***************  node error log start ***************
request url: /schedule/list
request method: GET
request client ip:  ::1
err name: ReferenceError
err message: EmployeeInfo is not defined
err stack: ReferenceError: EmployeeInfo is not defined
    at exports.getWeekSchedule (/Users/user/workspace/hotel_server/controller/workSchedule.js:76:22)
    at Layer.handle [as handle_request] (/Users/user/workspace/hotel_server/node_modules/express/lib/router/layer.js:95:5)
    at next (/Users/user/workspace/hotel_server/node_modules/express/lib/router/route.js:137:13)
    at Route.dispatch (/Users/user/workspace/hotel_server/node_modules/express/lib/router/route.js:112:3)
    at Layer.handle [as handle_request] (/Users/user/workspace/hotel_server/node_modules/express/lib/router/layer.js:95:5)
    at /Users/user/workspace/hotel_server/node_modules/express/lib/router/index.js:281:22
    at Function.process_params (/Users/user/workspace/hotel_server/node_modules/express/lib/router/index.js:335:12)
    at next (/Users/user/workspace/hotel_server/node_modules/express/lib/router/index.js:275:10)
    at Function.handle (/Users/user/workspace/hotel_server/node_modules/express/lib/router/index.js:174:3)
    at router (/Users/user/workspace/hotel_server/node_modules/express/lib/router/index.js:47:12)
    at Layer.handle [as handle_request] (/Users/user/workspace/hotel_server/node_modules/express/lib/router/layer.js:95:5)
    at trim_prefix (/Users/user/workspace/hotel_server/node_modules/express/lib/router/index.js:317:13)
    at /Users/user/workspace/hotel_server/node_modules/express/lib/router/index.js:284:7
    at Function.process_params (/Users/user/workspace/hotel_server/node_modules/express/lib/router/index.js:335:12)
    at next (/Users/user/workspace/hotel_server/node_modules/express/lib/router/index.js:275:10)
    at Immediate.<anonymous> (/Users/user/workspace/hotel_server/node_modules/express-session/index.js:489:7)
    at runCallback (timers.js:793:20)
    at tryOnImmediate (timers.js:751:5)
    at processImmediate [as _immediateCallback] (timers.js:722:5)
***************  node  error log end ***************

[2017-12-27T11:44:30.657] [ERROR] errorLogger - 
***************  node error log start ***************
request url: /schedule/list
request method: GET
request client ip:  ::1
err name: ReferenceError
err message: EmployeeInfo is not defined
err stack: ReferenceError: EmployeeInfo is not defined
    at exports.getWeekSchedule (/Users/user/workspace/hotel_server/controller/workSchedule.js:76:22)
    at Layer.handle [as handle_request] (/Users/user/workspace/hotel_server/node_modules/express/lib/router/layer.js:95:5)
    at next (/Users/user/workspace/hotel_server/node_modules/express/lib/router/route.js:137:13)
    at Route.dispatch (/Users/user/workspace/hotel_server/node_modules/express/lib/router/route.js:112:3)
    at Layer.handle [as handle_request] (/Users/user/workspace/hotel_server/node_modules/express/lib/router/layer.js:95:5)
    at /Users/user/workspace/hotel_server/node_modules/express/lib/router/index.js:281:22
    at Function.process_params (/Users/user/workspace/hotel_server/node_modules/express/lib/router/index.js:335:12)
    at next (/Users/user/workspace/hotel_server/node_modules/express/lib/router/index.js:275:10)
    at Function.handle (/Users/user/workspace/hotel_server/node_modules/express/lib/router/index.js:174:3)
    at router (/Users/user/workspace/hotel_server/node_modules/express/lib/router/index.js:47:12)
    at Layer.handle [as handle_request] (/Users/user/workspace/hotel_server/node_modules/express/lib/router/layer.js:95:5)
    at trim_prefix (/Users/user/workspace/hotel_server/node_modules/express/lib/router/index.js:317:13)
    at /Users/user/workspace/hotel_server/node_modules/express/lib/router/index.js:284:7
    at Function.process_params (/Users/user/workspace/hotel_server/node_modules/express/lib/router/index.js:335:12)
    at next (/Users/user/workspace/hotel_server/node_modules/express/lib/router/index.js:275:10)
    at Immediate.<anonymous> (/Users/user/workspace/hotel_server/node_modules/express-session/index.js:489:7)
    at runCallback (timers.js:793:20)
    at tryOnImmediate (timers.js:751:5)
    at processImmediate [as _immediateCallback] (timers.js:722:5)
***************  node  error log end ***************

[2017-12-27T11:47:07.441] [ERROR] errorLogger - 
***************  node error log start ***************
request url: /schedule/list
request method: GET
request client ip:  ::1
err name: SequelizeDatabaseError
err message: Unknown column 'Employee.username' in 'field list'
err stack: SequelizeDatabaseError: Unknown column 'Employee.username' in 'field list'
    at Query.formatError (/Users/user/workspace/hotel_server/node_modules/sequelize/lib/dialects/mysql/query.js:228:16)
    at Query.connection.query [as onResult] (/Users/user/workspace/hotel_server/node_modules/sequelize/lib/dialects/mysql/query.js:55:23)
    at Query.Command.execute (/Users/user/workspace/hotel_server/node_modules/mysql2/lib/commands/command.js:30:12)
    at Connection.handlePacket (/Users/user/workspace/hotel_server/node_modules/mysql2/lib/connection.js:515:28)
    at PacketParser.onPacket (/Users/user/workspace/hotel_server/node_modules/mysql2/lib/connection.js:94:16)
    at PacketParser.executeStart (/Users/user/workspace/hotel_server/node_modules/mysql2/lib/packet_parser.js:77:14)
    at Socket.<anonymous> (/Users/user/workspace/hotel_server/node_modules/mysql2/lib/connection.js:102:29)
    at emitOne (events.js:116:13)
    at Socket.emit (events.js:211:7)
    at addChunk (_stream_readable.js:263:12)
    at readableAddChunk (_stream_readable.js:250:11)
    at Socket.Readable.push (_stream_readable.js:208:10)
    at TCP.onread (net.js:594:20)
***************  node  error log end ***************

[2017-12-27T14:50:51.120] [ERROR] errorLogger - 
***************  node error log start ***************
request url: /schedule/list
request method: GET
request client ip:  ::1
err name: TypeError
err message: Cannot read property 'name' of null
err stack: TypeError: Cannot read property 'name' of null
    at WorkSchedule.findAll.then.result (/Users/user/workspace/hotel_server/controller/workSchedule.js:97:56)
    at tryCatcher (/Users/user/workspace/hotel_server/node_modules/bluebird/js/release/util.js:16:23)
    at Promise._settlePromiseFromHandler (/Users/user/workspace/hotel_server/node_modules/bluebird/js/release/promise.js:512:31)
    at Promise._settlePromise (/Users/user/workspace/hotel_server/node_modules/bluebird/js/release/promise.js:569:18)
    at Promise._settlePromise0 (/Users/user/workspace/hotel_server/node_modules/bluebird/js/release/promise.js:614:10)
    at Promise._settlePromises (/Users/user/workspace/hotel_server/node_modules/bluebird/js/release/promise.js:693:18)
    at Promise._fulfill (/Users/user/workspace/hotel_server/node_modules/bluebird/js/release/promise.js:638:18)
    at Promise._resolveCallback (/Users/user/workspace/hotel_server/node_modules/bluebird/js/release/promise.js:432:57)
    at Promise._settlePromiseFromHandler (/Users/user/workspace/hotel_server/node_modules/bluebird/js/release/promise.js:524:17)
    at Promise._settlePromise (/Users/user/workspace/hotel_server/node_modules/bluebird/js/release/promise.js:569:18)
    at Promise._settlePromise0 (/Users/user/workspace/hotel_server/node_modules/bluebird/js/release/promise.js:614:10)
    at Promise._settlePromises (/Users/user/workspace/hotel_server/node_modules/bluebird/js/release/promise.js:693:18)
    at Promise._fulfill (/Users/user/workspace/hotel_server/node_modules/bluebird/js/release/promise.js:638:18)
    at MappingPromiseArray.PromiseArray._resolve (/Users/user/workspace/hotel_server/node_modules/bluebird/js/release/promise_array.js:126:19)
    at MappingPromiseArray._promiseFulfilled (/Users/user/workspace/hotel_server/node_modules/bluebird/js/release/map.js:101:18)
    at Promise._settlePromise (/Users/user/workspace/hotel_server/node_modules/bluebird/js/release/promise.js:574:26)
    at Promise._settlePromise0 (/Users/user/workspace/hotel_server/node_modules/bluebird/js/release/promise.js:614:10)
    at Promise._settlePromises (/Users/user/workspace/hotel_server/node_modules/bluebird/js/release/promise.js:693:18)
    at Promise._fulfill (/Users/user/workspace/hotel_server/node_modules/bluebird/js/release/promise.js:638:18)
    at Promise._resolveCallback (/Users/user/workspace/hotel_server/node_modules/bluebird/js/release/promise.js:432:57)
    at Promise._settlePromiseFromHandler (/Users/user/workspace/hotel_server/node_modules/bluebird/js/release/promise.js:524:17)
    at Promise._settlePromise (/Users/user/workspace/hotel_server/node_modules/bluebird/js/release/promise.js:569:18)
***************  node  error log end ***************

[2017-12-27T14:52:34.577] [ERROR] errorLogger - 
***************  node error log start ***************
request url: /schedule/list
request method: GET
request client ip:  ::1
err name: TypeError
err message: Cannot read property 'name' of null
err stack: TypeError: Cannot read property 'name' of null
    at WorkSchedule.findAll.then.result (/Users/user/workspace/hotel_server/controller/workSchedule.js:97:56)
    at tryCatcher (/Users/user/workspace/hotel_server/node_modules/bluebird/js/release/util.js:16:23)
    at Promise._settlePromiseFromHandler (/Users/user/workspace/hotel_server/node_modules/bluebird/js/release/promise.js:512:31)
    at Promise._settlePromise (/Users/user/workspace/hotel_server/node_modules/bluebird/js/release/promise.js:569:18)
    at Promise._settlePromise0 (/Users/user/workspace/hotel_server/node_modules/bluebird/js/release/promise.js:614:10)
    at Promise._settlePromises (/Users/user/workspace/hotel_server/node_modules/bluebird/js/release/promise.js:693:18)
    at Promise._fulfill (/Users/user/workspace/hotel_server/node_modules/bluebird/js/release/promise.js:638:18)
    at Promise._resolveCallback (/Users/user/workspace/hotel_server/node_modules/bluebird/js/release/promise.js:432:57)
    at Promise._settlePromiseFromHandler (/Users/user/workspace/hotel_server/node_modules/bluebird/js/release/promise.js:524:17)
    at Promise._settlePromise (/Users/user/workspace/hotel_server/node_modules/bluebird/js/release/promise.js:569:18)
    at Promise._settlePromise0 (/Users/user/workspace/hotel_server/node_modules/bluebird/js/release/promise.js:614:10)
    at Promise._settlePromises (/Users/user/workspace/hotel_server/node_modules/bluebird/js/release/promise.js:693:18)
    at Promise._fulfill (/Users/user/workspace/hotel_server/node_modules/bluebird/js/release/promise.js:638:18)
    at MappingPromiseArray.PromiseArray._resolve (/Users/user/workspace/hotel_server/node_modules/bluebird/js/release/promise_array.js:126:19)
    at MappingPromiseArray._promiseFulfilled (/Users/user/workspace/hotel_server/node_modules/bluebird/js/release/map.js:101:18)
    at Promise._settlePromise (/Users/user/workspace/hotel_server/node_modules/bluebird/js/release/promise.js:574:26)
    at Promise._settlePromise0 (/Users/user/workspace/hotel_server/node_modules/bluebird/js/release/promise.js:614:10)
    at Promise._settlePromises (/Users/user/workspace/hotel_server/node_modules/bluebird/js/release/promise.js:693:18)
    at Promise._fulfill (/Users/user/workspace/hotel_server/node_modules/bluebird/js/release/promise.js:638:18)
    at Promise._resolveCallback (/Users/user/workspace/hotel_server/node_modules/bluebird/js/release/promise.js:432:57)
    at Promise._settlePromiseFromHandler (/Users/user/workspace/hotel_server/node_modules/bluebird/js/release/promise.js:524:17)
    at Promise._settlePromise (/Users/user/workspace/hotel_server/node_modules/bluebird/js/release/promise.js:569:18)
***************  node  error log end ***************

