[2017-12-14T10:58:09.988] [ERROR] errorLogger - 
***************  node error log start ***************
request url: /room/add
request method: GET
request client ip:  ::1
err name: TypeError
err message: Cannot read property 'create' of undefined
err stack: TypeError: Cannot read property 'create' of undefined
    at exports.addRoom (/Users/user/workspace/hotel_server/controller/room.js:19:12)
    at Layer.handle [as handle_request] (/Users/user/workspace/hotel_server/node_modules/express/lib/router/layer.js:95:5)
    at next (/Users/user/workspace/hotel_server/node_modules/express/lib/router/route.js:137:13)
    at Route.dispatch (/Users/user/workspace/hotel_server/node_modules/express/lib/router/route.js:112:3)
    at Layer.handle [as handle_request] (/Users/user/workspace/hotel_server/node_modules/express/lib/router/layer.js:95:5)
    at /Users/user/workspace/hotel_server/node_modules/express/lib/router/index.js:281:22
    at Function.process_params (/Users/user/workspace/hotel_server/node_modules/express/lib/router/index.js:335:12)
    at next (/Users/user/workspace/hotel_server/node_modules/express/lib/router/index.js:275:10)
    at Function.handle (/Users/user/workspace/hotel_server/node_modules/express/lib/router/index.js:174:3)
    at router (/Users/user/workspace/hotel_server/node_modules/express/lib/router/index.js:47:12)
    at Layer.handle [as handle_request] (/Users/user/workspace/hotel_server/node_modules/express/lib/router/layer.js:95:5)
    at trim_prefix (/Users/user/workspace/hotel_server/node_modules/express/lib/router/index.js:317:13)
    at /Users/user/workspace/hotel_server/node_modules/express/lib/router/index.js:284:7
    at Function.process_params (/Users/user/workspace/hotel_server/node_modules/express/lib/router/index.js:335:12)
    at next (/Users/user/workspace/hotel_server/node_modules/express/lib/router/index.js:275:10)
    at Immediate.<anonymous> (/Users/user/workspace/hotel_server/node_modules/express-session/index.js:489:7)
    at runCallback (timers.js:793:20)
    at tryOnImmediate (timers.js:751:5)
    at processImmediate [as _immediateCallback] (timers.js:722:5)
***************  node  error log end ***************

[2017-12-14T10:58:45.880] [ERROR] errorLogger - 
***************  node error log start ***************
request url: /room/add
request method: GET
request client ip:  ::1
err name: TypeError
err message: Cannot read property 'create' of undefined
err stack: TypeError: Cannot read property 'create' of undefined
    at exports.addRoom (/Users/user/workspace/hotel_server/controller/room.js:19:12)
    at Layer.handle [as handle_request] (/Users/user/workspace/hotel_server/node_modules/express/lib/router/layer.js:95:5)
    at next (/Users/user/workspace/hotel_server/node_modules/express/lib/router/route.js:137:13)
    at Route.dispatch (/Users/user/workspace/hotel_server/node_modules/express/lib/router/route.js:112:3)
    at Layer.handle [as handle_request] (/Users/user/workspace/hotel_server/node_modules/express/lib/router/layer.js:95:5)
    at /Users/user/workspace/hotel_server/node_modules/express/lib/router/index.js:281:22
    at Function.process_params (/Users/user/workspace/hotel_server/node_modules/express/lib/router/index.js:335:12)
    at next (/Users/user/workspace/hotel_server/node_modules/express/lib/router/index.js:275:10)
    at Function.handle (/Users/user/workspace/hotel_server/node_modules/express/lib/router/index.js:174:3)
    at router (/Users/user/workspace/hotel_server/node_modules/express/lib/router/index.js:47:12)
    at Layer.handle [as handle_request] (/Users/user/workspace/hotel_server/node_modules/express/lib/router/layer.js:95:5)
    at trim_prefix (/Users/user/workspace/hotel_server/node_modules/express/lib/router/index.js:317:13)
    at /Users/user/workspace/hotel_server/node_modules/express/lib/router/index.js:284:7
    at Function.process_params (/Users/user/workspace/hotel_server/node_modules/express/lib/router/index.js:335:12)
    at next (/Users/user/workspace/hotel_server/node_modules/express/lib/router/index.js:275:10)
    at Immediate.<anonymous> (/Users/user/workspace/hotel_server/node_modules/express-session/index.js:489:7)
    at runCallback (timers.js:793:20)
    at tryOnImmediate (timers.js:751:5)
    at processImmediate [as _immediateCallback] (timers.js:722:5)
***************  node  error log end ***************

[2017-12-14T11:03:18.273] [ERROR] errorLogger - 
***************  node error log start ***************
request url: /room/add
request method: GET
request client ip:  ::1
err name: TypeError
err message: Cannot read property 'create' of undefined
err stack: TypeError: Cannot read property 'create' of undefined
    at exports.addRoom (/Users/user/workspace/hotel_server/controller/room.js:19:12)
    at Layer.handle [as handle_request] (/Users/user/workspace/hotel_server/node_modules/express/lib/router/layer.js:95:5)
    at next (/Users/user/workspace/hotel_server/node_modules/express/lib/router/route.js:137:13)
    at Route.dispatch (/Users/user/workspace/hotel_server/node_modules/express/lib/router/route.js:112:3)
    at Layer.handle [as handle_request] (/Users/user/workspace/hotel_server/node_modules/express/lib/router/layer.js:95:5)
    at /Users/user/workspace/hotel_server/node_modules/express/lib/router/index.js:281:22
    at Function.process_params (/Users/user/workspace/hotel_server/node_modules/express/lib/router/index.js:335:12)
    at next (/Users/user/workspace/hotel_server/node_modules/express/lib/router/index.js:275:10)
    at Function.handle (/Users/user/workspace/hotel_server/node_modules/express/lib/router/index.js:174:3)
    at router (/Users/user/workspace/hotel_server/node_modules/express/lib/router/index.js:47:12)
    at Layer.handle [as handle_request] (/Users/user/workspace/hotel_server/node_modules/express/lib/router/layer.js:95:5)
    at trim_prefix (/Users/user/workspace/hotel_server/node_modules/express/lib/router/index.js:317:13)
    at /Users/user/workspace/hotel_server/node_modules/express/lib/router/index.js:284:7
    at Function.process_params (/Users/user/workspace/hotel_server/node_modules/express/lib/router/index.js:335:12)
    at next (/Users/user/workspace/hotel_server/node_modules/express/lib/router/index.js:275:10)
    at Immediate.<anonymous> (/Users/user/workspace/hotel_server/node_modules/express-session/index.js:489:7)
    at runCallback (timers.js:793:20)
    at tryOnImmediate (timers.js:751:5)
    at processImmediate [as _immediateCallback] (timers.js:722:5)
***************  node  error log end ***************

[2017-12-14T11:04:29.454] [ERROR] errorLogger - 
***************  node error log start ***************
request url: /room/add
request method: GET
request client ip:  ::1
err name: TypeError
err message: Cannot read property 'create' of undefined
err stack: TypeError: Cannot read property 'create' of undefined
    at exports.addRoom (/Users/user/workspace/hotel_server/controller/room.js:19:12)
    at Layer.handle [as handle_request] (/Users/user/workspace/hotel_server/node_modules/express/lib/router/layer.js:95:5)
    at next (/Users/user/workspace/hotel_server/node_modules/express/lib/router/route.js:137:13)
    at Route.dispatch (/Users/user/workspace/hotel_server/node_modules/express/lib/router/route.js:112:3)
    at Layer.handle [as handle_request] (/Users/user/workspace/hotel_server/node_modules/express/lib/router/layer.js:95:5)
    at /Users/user/workspace/hotel_server/node_modules/express/lib/router/index.js:281:22
    at Function.process_params (/Users/user/workspace/hotel_server/node_modules/express/lib/router/index.js:335:12)
    at next (/Users/user/workspace/hotel_server/node_modules/express/lib/router/index.js:275:10)
    at Function.handle (/Users/user/workspace/hotel_server/node_modules/express/lib/router/index.js:174:3)
    at router (/Users/user/workspace/hotel_server/node_modules/express/lib/router/index.js:47:12)
    at Layer.handle [as handle_request] (/Users/user/workspace/hotel_server/node_modules/express/lib/router/layer.js:95:5)
    at trim_prefix (/Users/user/workspace/hotel_server/node_modules/express/lib/router/index.js:317:13)
    at /Users/user/workspace/hotel_server/node_modules/express/lib/router/index.js:284:7
    at Function.process_params (/Users/user/workspace/hotel_server/node_modules/express/lib/router/index.js:335:12)
    at next (/Users/user/workspace/hotel_server/node_modules/express/lib/router/index.js:275:10)
    at Immediate.<anonymous> (/Users/user/workspace/hotel_server/node_modules/express-session/index.js:489:7)
    at runCallback (timers.js:793:20)
    at tryOnImmediate (timers.js:751:5)
    at processImmediate [as _immediateCallback] (timers.js:722:5)
***************  node  error log end ***************

[2017-12-14T11:08:18.314] [ERROR] errorLogger - 
***************  node error log start ***************
request url: /room/add
request method: GET
request client ip:  ::1
err name: SequelizeForeignKeyConstraintError
err message: Cannot add or update a child row: a foreign key constraint fails (`hotel`.`room_info`, CONSTRAINT `room_info_ibfk_1` FOREIGN KEY (`roomtype_id`) REFERENCES `room_type` (`id`) ON DELETE SET NULL ON UPDATE CASCADE)
err stack: SequelizeForeignKeyConstraintError: Cannot add or update a child row: a foreign key constraint fails (`hotel`.`room_info`, CONSTRAINT `room_info_ibfk_1` FOREIGN KEY (`roomtype_id`) REFERENCES `room_type` (`id`) ON DELETE SET NULL ON UPDATE CASCADE)
    at Query.formatError (/Users/user/workspace/hotel_server/node_modules/sequelize/lib/dialects/mysql/query.js:217:16)
    at Query.connection.query [as onResult] (/Users/user/workspace/hotel_server/node_modules/sequelize/lib/dialects/mysql/query.js:55:23)
    at Query.Command.execute (/Users/user/workspace/hotel_server/node_modules/mysql2/lib/commands/command.js:30:12)
    at Connection.handlePacket (/Users/user/workspace/hotel_server/node_modules/mysql2/lib/connection.js:515:28)
    at PacketParser.onPacket (/Users/user/workspace/hotel_server/node_modules/mysql2/lib/connection.js:94:16)
    at PacketParser.executeStart (/Users/user/workspace/hotel_server/node_modules/mysql2/lib/packet_parser.js:77:14)
    at Socket.<anonymous> (/Users/user/workspace/hotel_server/node_modules/mysql2/lib/connection.js:102:29)
    at emitOne (events.js:116:13)
    at Socket.emit (events.js:211:7)
    at addChunk (_stream_readable.js:263:12)
    at readableAddChunk (_stream_readable.js:250:11)
    at Socket.Readable.push (_stream_readable.js:208:10)
    at TCP.onread (net.js:594:20)
***************  node  error log end ***************

[2017-12-14T11:08:44.929] [ERROR] errorLogger - 
***************  node error log start ***************
request url: /room/add
request method: GET
request client ip:  ::1
err name: SequelizeForeignKeyConstraintError
err message: Cannot add or update a child row: a foreign key constraint fails (`hotel`.`room_info`, CONSTRAINT `room_info_ibfk_1` FOREIGN KEY (`roomtype_id`) REFERENCES `room_type` (`id`) ON DELETE SET NULL ON UPDATE CASCADE)
err stack: SequelizeForeignKeyConstraintError: Cannot add or update a child row: a foreign key constraint fails (`hotel`.`room_info`, CONSTRAINT `room_info_ibfk_1` FOREIGN KEY (`roomtype_id`) REFERENCES `room_type` (`id`) ON DELETE SET NULL ON UPDATE CASCADE)
    at Query.formatError (/Users/user/workspace/hotel_server/node_modules/sequelize/lib/dialects/mysql/query.js:217:16)
    at Query.connection.query [as onResult] (/Users/user/workspace/hotel_server/node_modules/sequelize/lib/dialects/mysql/query.js:55:23)
    at Query.Command.execute (/Users/user/workspace/hotel_server/node_modules/mysql2/lib/commands/command.js:30:12)
    at Connection.handlePacket (/Users/user/workspace/hotel_server/node_modules/mysql2/lib/connection.js:515:28)
    at PacketParser.onPacket (/Users/user/workspace/hotel_server/node_modules/mysql2/lib/connection.js:94:16)
    at PacketParser.executeStart (/Users/user/workspace/hotel_server/node_modules/mysql2/lib/packet_parser.js:77:14)
    at Socket.<anonymous> (/Users/user/workspace/hotel_server/node_modules/mysql2/lib/connection.js:102:29)
    at emitOne (events.js:116:13)
    at Socket.emit (events.js:211:7)
    at addChunk (_stream_readable.js:263:12)
    at readableAddChunk (_stream_readable.js:250:11)
    at Socket.Readable.push (_stream_readable.js:208:10)
    at TCP.onread (net.js:594:20)
***************  node  error log end ***************

[2017-12-14T11:24:57.140] [ERROR] errorLogger - 
***************  node error log start ***************
request url: /room/add
request method: GET
request client ip:  ::1
err name: SequelizeForeignKeyConstraintError
err message: Cannot add or update a child row: a foreign key constraint fails (`hotel`.`room_info`, CONSTRAINT `room_info_ibfk_1` FOREIGN KEY (`roomtype_id`) REFERENCES `room_type` (`id`) ON DELETE SET NULL ON UPDATE CASCADE)
err stack: SequelizeForeignKeyConstraintError: Cannot add or update a child row: a foreign key constraint fails (`hotel`.`room_info`, CONSTRAINT `room_info_ibfk_1` FOREIGN KEY (`roomtype_id`) REFERENCES `room_type` (`id`) ON DELETE SET NULL ON UPDATE CASCADE)
    at Query.formatError (/Users/user/workspace/hotel_server/node_modules/sequelize/lib/dialects/mysql/query.js:217:16)
    at Query.connection.query [as onResult] (/Users/user/workspace/hotel_server/node_modules/sequelize/lib/dialects/mysql/query.js:55:23)
    at Query.Command.execute (/Users/user/workspace/hotel_server/node_modules/mysql2/lib/commands/command.js:30:12)
    at Connection.handlePacket (/Users/user/workspace/hotel_server/node_modules/mysql2/lib/connection.js:515:28)
    at PacketParser.onPacket (/Users/user/workspace/hotel_server/node_modules/mysql2/lib/connection.js:94:16)
    at PacketParser.executeStart (/Users/user/workspace/hotel_server/node_modules/mysql2/lib/packet_parser.js:77:14)
    at Socket.<anonymous> (/Users/user/workspace/hotel_server/node_modules/mysql2/lib/connection.js:102:29)
    at emitOne (events.js:116:13)
    at Socket.emit (events.js:211:7)
    at addChunk (_stream_readable.js:263:12)
    at readableAddChunk (_stream_readable.js:250:11)
    at Socket.Readable.push (_stream_readable.js:208:10)
    at TCP.onread (net.js:594:20)
***************  node  error log end ***************

[2017-12-14T11:31:59.852] [ERROR] errorLogger - 
***************  node error log start ***************
request url: /room/list
request method: GET
request client ip:  ::1
err name: SequelizeEagerLoadingError
err message: RoomType is not associated to RoomInfo!
err stack: SequelizeEagerLoadingError: RoomType is not associated to RoomInfo!
    at Function._getIncludedAssociation (/Users/user/workspace/hotel_server/node_modules/sequelize/lib/model.js:582:13)
    at Function._validateIncludedElement (/Users/user/workspace/hotel_server/node_modules/sequelize/lib/model.js:498:53)
    at options.include.options.include.map.include (/Users/user/workspace/hotel_server/node_modules/sequelize/lib/model.js:394:37)
    at Array.map (<anonymous>)
    at Function._validateIncludedElements (/Users/user/workspace/hotel_server/node_modules/sequelize/lib/model.js:390:39)
    at Function.aggregate (/Users/user/workspace/hotel_server/node_modules/sequelize/lib/model.js:1744:12)
    at Promise.try.then (/Users/user/workspace/hotel_server/node_modules/sequelize/lib/model.js:1817:19)
    at tryCatcher (/Users/user/workspace/hotel_server/node_modules/bluebird/js/release/util.js:16:23)
    at Promise._settlePromiseFromHandler (/Users/user/workspace/hotel_server/node_modules/bluebird/js/release/promise.js:512:31)
    at Promise._settlePromise (/Users/user/workspace/hotel_server/node_modules/bluebird/js/release/promise.js:569:18)
    at Promise._settlePromise0 (/Users/user/workspace/hotel_server/node_modules/bluebird/js/release/promise.js:614:10)
    at Promise._settlePromises (/Users/user/workspace/hotel_server/node_modules/bluebird/js/release/promise.js:693:18)
    at Async._drainQueue (/Users/user/workspace/hotel_server/node_modules/bluebird/js/release/async.js:133:16)
    at Async._drainQueues (/Users/user/workspace/hotel_server/node_modules/bluebird/js/release/async.js:143:10)
    at Immediate.Async.drainQueues (/Users/user/workspace/hotel_server/node_modules/bluebird/js/release/async.js:17:14)
    at runCallback (timers.js:789:20)
    at tryOnImmediate (timers.js:751:5)
    at processImmediate [as _immediateCallback] (timers.js:722:5)
***************  node  error log end ***************

[2017-12-14T11:42:47.614] [ERROR] errorLogger - 
***************  node error log start ***************
request url: /room/list
request method: GET
request client ip:  ::1
err name: SequelizeEagerLoadingError
err message: RoomType is not associated to RoomInfo!
err stack: SequelizeEagerLoadingError: RoomType is not associated to RoomInfo!
    at Function._getIncludedAssociation (/Users/user/workspace/hotel_server/node_modules/sequelize/lib/model.js:582:13)
    at Function._validateIncludedElement (/Users/user/workspace/hotel_server/node_modules/sequelize/lib/model.js:498:53)
    at options.include.options.include.map.include (/Users/user/workspace/hotel_server/node_modules/sequelize/lib/model.js:394:37)
    at Array.map (<anonymous>)
    at Function._validateIncludedElements (/Users/user/workspace/hotel_server/node_modules/sequelize/lib/model.js:390:39)
    at Function.aggregate (/Users/user/workspace/hotel_server/node_modules/sequelize/lib/model.js:1744:12)
    at Promise.try.then (/Users/user/workspace/hotel_server/node_modules/sequelize/lib/model.js:1817:19)
    at tryCatcher (/Users/user/workspace/hotel_server/node_modules/bluebird/js/release/util.js:16:23)
    at Promise._settlePromiseFromHandler (/Users/user/workspace/hotel_server/node_modules/bluebird/js/release/promise.js:512:31)
    at Promise._settlePromise (/Users/user/workspace/hotel_server/node_modules/bluebird/js/release/promise.js:569:18)
    at Promise._settlePromise0 (/Users/user/workspace/hotel_server/node_modules/bluebird/js/release/promise.js:614:10)
    at Promise._settlePromises (/Users/user/workspace/hotel_server/node_modules/bluebird/js/release/promise.js:693:18)
    at Async._drainQueue (/Users/user/workspace/hotel_server/node_modules/bluebird/js/release/async.js:133:16)
    at Async._drainQueues (/Users/user/workspace/hotel_server/node_modules/bluebird/js/release/async.js:143:10)
    at Immediate.Async.drainQueues (/Users/user/workspace/hotel_server/node_modules/bluebird/js/release/async.js:17:14)
    at runCallback (timers.js:789:20)
    at tryOnImmediate (timers.js:751:5)
    at processImmediate [as _immediateCallback] (timers.js:722:5)
***************  node  error log end ***************

[2017-12-14T11:43:12.007] [ERROR] errorLogger - 
***************  node error log start ***************
request url: /room/list
request method: GET
request client ip:  ::1
err name: SequelizeEagerLoadingError
err message: RoomType is not associated to RoomInfo!
err stack: SequelizeEagerLoadingError: RoomType is not associated to RoomInfo!
    at Function._getIncludedAssociation (/Users/user/workspace/hotel_server/node_modules/sequelize/lib/model.js:582:13)
    at Function._validateIncludedElement (/Users/user/workspace/hotel_server/node_modules/sequelize/lib/model.js:498:53)
    at options.include.options.include.map.include (/Users/user/workspace/hotel_server/node_modules/sequelize/lib/model.js:394:37)
    at Array.map (<anonymous>)
    at Function._validateIncludedElements (/Users/user/workspace/hotel_server/node_modules/sequelize/lib/model.js:390:39)
    at Function.aggregate (/Users/user/workspace/hotel_server/node_modules/sequelize/lib/model.js:1744:12)
    at Promise.try.then (/Users/user/workspace/hotel_server/node_modules/sequelize/lib/model.js:1817:19)
    at tryCatcher (/Users/user/workspace/hotel_server/node_modules/bluebird/js/release/util.js:16:23)
    at Promise._settlePromiseFromHandler (/Users/user/workspace/hotel_server/node_modules/bluebird/js/release/promise.js:512:31)
    at Promise._settlePromise (/Users/user/workspace/hotel_server/node_modules/bluebird/js/release/promise.js:569:18)
    at Promise._settlePromise0 (/Users/user/workspace/hotel_server/node_modules/bluebird/js/release/promise.js:614:10)
    at Promise._settlePromises (/Users/user/workspace/hotel_server/node_modules/bluebird/js/release/promise.js:693:18)
    at Async._drainQueue (/Users/user/workspace/hotel_server/node_modules/bluebird/js/release/async.js:133:16)
    at Async._drainQueues (/Users/user/workspace/hotel_server/node_modules/bluebird/js/release/async.js:143:10)
    at Immediate.Async.drainQueues (/Users/user/workspace/hotel_server/node_modules/bluebird/js/release/async.js:17:14)
    at runCallback (timers.js:789:20)
    at tryOnImmediate (timers.js:751:5)
    at processImmediate [as _immediateCallback] (timers.js:722:5)
***************  node  error log end ***************

[2017-12-14T11:49:06.103] [ERROR] errorLogger - 
***************  node error log start ***************
request url: /room/list
request method: GET
request client ip:  ::1
err name: SequelizeEagerLoadingError
err message: RoomType is not associated to RoomInfo!
err stack: SequelizeEagerLoadingError: RoomType is not associated to RoomInfo!
    at Function._getIncludedAssociation (/Users/user/workspace/hotel_server/node_modules/sequelize/lib/model.js:582:13)
    at Function._validateIncludedElement (/Users/user/workspace/hotel_server/node_modules/sequelize/lib/model.js:498:53)
    at options.include.options.include.map.include (/Users/user/workspace/hotel_server/node_modules/sequelize/lib/model.js:394:37)
    at Array.map (<anonymous>)
    at Function._validateIncludedElements (/Users/user/workspace/hotel_server/node_modules/sequelize/lib/model.js:390:39)
    at Function.aggregate (/Users/user/workspace/hotel_server/node_modules/sequelize/lib/model.js:1744:12)
    at Promise.try.then (/Users/user/workspace/hotel_server/node_modules/sequelize/lib/model.js:1817:19)
    at tryCatcher (/Users/user/workspace/hotel_server/node_modules/bluebird/js/release/util.js:16:23)
    at Promise._settlePromiseFromHandler (/Users/user/workspace/hotel_server/node_modules/bluebird/js/release/promise.js:512:31)
    at Promise._settlePromise (/Users/user/workspace/hotel_server/node_modules/bluebird/js/release/promise.js:569:18)
    at Promise._settlePromise0 (/Users/user/workspace/hotel_server/node_modules/bluebird/js/release/promise.js:614:10)
    at Promise._settlePromises (/Users/user/workspace/hotel_server/node_modules/bluebird/js/release/promise.js:693:18)
    at Async._drainQueue (/Users/user/workspace/hotel_server/node_modules/bluebird/js/release/async.js:133:16)
    at Async._drainQueues (/Users/user/workspace/hotel_server/node_modules/bluebird/js/release/async.js:143:10)
    at Immediate.Async.drainQueues (/Users/user/workspace/hotel_server/node_modules/bluebird/js/release/async.js:17:14)
    at runCallback (timers.js:789:20)
    at tryOnImmediate (timers.js:751:5)
    at processImmediate [as _immediateCallback] (timers.js:722:5)
***************  node  error log end ***************

[2017-12-14T13:51:09.609] [ERROR] errorLogger - 
***************  node error log start ***************
request url: /room/list
request method: GET
request client ip:  ::1
err name: SequelizeEagerLoadingError
err message: RoomType is associated to RoomInfo using an alias. You've included an alias (roomType), but it does not match the alias defined in your association.
err stack: SequelizeEagerLoadingError: RoomType is associated to RoomInfo using an alias. You've included an alias (roomType), but it does not match the alias defined in your association.
    at Function._getIncludedAssociation (/Users/user/workspace/hotel_server/node_modules/sequelize/lib/model.js:587:17)
    at Function._validateIncludedElement (/Users/user/workspace/hotel_server/node_modules/sequelize/lib/model.js:498:53)
    at options.include.options.include.map.include (/Users/user/workspace/hotel_server/node_modules/sequelize/lib/model.js:394:37)
    at Array.map (<anonymous>)
    at Function._validateIncludedElements (/Users/user/workspace/hotel_server/node_modules/sequelize/lib/model.js:390:39)
    at Function.aggregate (/Users/user/workspace/hotel_server/node_modules/sequelize/lib/model.js:1744:12)
    at Promise.try.then (/Users/user/workspace/hotel_server/node_modules/sequelize/lib/model.js:1817:19)
    at tryCatcher (/Users/user/workspace/hotel_server/node_modules/bluebird/js/release/util.js:16:23)
    at Promise._settlePromiseFromHandler (/Users/user/workspace/hotel_server/node_modules/bluebird/js/release/promise.js:512:31)
    at Promise._settlePromise (/Users/user/workspace/hotel_server/node_modules/bluebird/js/release/promise.js:569:18)
    at Promise._settlePromise0 (/Users/user/workspace/hotel_server/node_modules/bluebird/js/release/promise.js:614:10)
    at Promise._settlePromises (/Users/user/workspace/hotel_server/node_modules/bluebird/js/release/promise.js:693:18)
    at Async._drainQueue (/Users/user/workspace/hotel_server/node_modules/bluebird/js/release/async.js:133:16)
    at Async._drainQueues (/Users/user/workspace/hotel_server/node_modules/bluebird/js/release/async.js:143:10)
    at Immediate.Async.drainQueues (/Users/user/workspace/hotel_server/node_modules/bluebird/js/release/async.js:17:14)
    at runCallback (timers.js:789:20)
    at tryOnImmediate (timers.js:751:5)
    at processImmediate [as _immediateCallback] (timers.js:722:5)
***************  node  error log end ***************

[2017-12-14T13:56:30.709] [ERROR] errorLogger - 
***************  node error log start ***************
request url: /room/list
request method: GET
request client ip:  ::1
err name: SequelizeEagerLoadingError
err message: RoomType is associated to RoomInfo using an alias. You must use the 'as' keyword to specify the alias within your include statement.
err stack: SequelizeEagerLoadingError: RoomType is associated to RoomInfo using an alias. You must use the 'as' keyword to specify the alias within your include statement.
    at Function._getIncludedAssociation (/Users/user/workspace/hotel_server/node_modules/sequelize/lib/model.js:590:17)
    at Function._validateIncludedElement (/Users/user/workspace/hotel_server/node_modules/sequelize/lib/model.js:498:53)
    at options.include.options.include.map.include (/Users/user/workspace/hotel_server/node_modules/sequelize/lib/model.js:394:37)
    at Array.map (<anonymous>)
    at Function._validateIncludedElements (/Users/user/workspace/hotel_server/node_modules/sequelize/lib/model.js:390:39)
    at Function.aggregate (/Users/user/workspace/hotel_server/node_modules/sequelize/lib/model.js:1744:12)
    at Promise.try.then (/Users/user/workspace/hotel_server/node_modules/sequelize/lib/model.js:1817:19)
    at tryCatcher (/Users/user/workspace/hotel_server/node_modules/bluebird/js/release/util.js:16:23)
    at Promise._settlePromiseFromHandler (/Users/user/workspace/hotel_server/node_modules/bluebird/js/release/promise.js:512:31)
    at Promise._settlePromise (/Users/user/workspace/hotel_server/node_modules/bluebird/js/release/promise.js:569:18)
    at Promise._settlePromise0 (/Users/user/workspace/hotel_server/node_modules/bluebird/js/release/promise.js:614:10)
    at Promise._settlePromises (/Users/user/workspace/hotel_server/node_modules/bluebird/js/release/promise.js:693:18)
    at Async._drainQueue (/Users/user/workspace/hotel_server/node_modules/bluebird/js/release/async.js:133:16)
    at Async._drainQueues (/Users/user/workspace/hotel_server/node_modules/bluebird/js/release/async.js:143:10)
    at Immediate.Async.drainQueues (/Users/user/workspace/hotel_server/node_modules/bluebird/js/release/async.js:17:14)
    at runCallback (timers.js:789:20)
    at tryOnImmediate (timers.js:751:5)
    at processImmediate [as _immediateCallback] (timers.js:722:5)
***************  node  error log end ***************

[2017-12-14T14:44:24.564] [ERROR] errorLogger - 
***************  node error log start ***************
request url: /room/list?limit=1&pageNum=0
request method: GET
request client ip:  ::1
err name: SequelizeDatabaseError
err message: You have an error in your SQL syntax; check the manual that corresponds to your MySQL server version for the right syntax to use near '-1, 1' at line 1
err stack: SequelizeDatabaseError: You have an error in your SQL syntax; check the manual that corresponds to your MySQL server version for the right syntax to use near '-1, 1' at line 1
    at Query.formatError (/Users/user/workspace/hotel_server/node_modules/sequelize/lib/dialects/mysql/query.js:228:16)
    at Query.connection.query [as onResult] (/Users/user/workspace/hotel_server/node_modules/sequelize/lib/dialects/mysql/query.js:55:23)
    at Query.Command.execute (/Users/user/workspace/hotel_server/node_modules/mysql2/lib/commands/command.js:30:12)
    at Connection.handlePacket (/Users/user/workspace/hotel_server/node_modules/mysql2/lib/connection.js:515:28)
    at PacketParser.onPacket (/Users/user/workspace/hotel_server/node_modules/mysql2/lib/connection.js:94:16)
    at PacketParser.executeStart (/Users/user/workspace/hotel_server/node_modules/mysql2/lib/packet_parser.js:77:14)
    at Socket.<anonymous> (/Users/user/workspace/hotel_server/node_modules/mysql2/lib/connection.js:102:29)
    at emitOne (events.js:116:13)
    at Socket.emit (events.js:211:7)
    at addChunk (_stream_readable.js:263:12)
    at readableAddChunk (_stream_readable.js:250:11)
    at Socket.Readable.push (_stream_readable.js:208:10)
    at TCP.onread (net.js:594:20)
***************  node  error log end ***************

[2017-12-14T14:45:00.708] [ERROR] errorLogger - 
***************  node error log start ***************
request url: /room/list?limit=rerwe&pageNum=eee
request method: GET
request client ip:  ::1
err name: SequelizeDatabaseError
err message: Undeclared variable: NaN
err stack: SequelizeDatabaseError: Undeclared variable: NaN
    at Query.formatError (/Users/user/workspace/hotel_server/node_modules/sequelize/lib/dialects/mysql/query.js:228:16)
    at Query.connection.query [as onResult] (/Users/user/workspace/hotel_server/node_modules/sequelize/lib/dialects/mysql/query.js:55:23)
    at Query.Command.execute (/Users/user/workspace/hotel_server/node_modules/mysql2/lib/commands/command.js:30:12)
    at Connection.handlePacket (/Users/user/workspace/hotel_server/node_modules/mysql2/lib/connection.js:515:28)
    at PacketParser.onPacket (/Users/user/workspace/hotel_server/node_modules/mysql2/lib/connection.js:94:16)
    at PacketParser.executeStart (/Users/user/workspace/hotel_server/node_modules/mysql2/lib/packet_parser.js:77:14)
    at Socket.<anonymous> (/Users/user/workspace/hotel_server/node_modules/mysql2/lib/connection.js:102:29)
    at emitOne (events.js:116:13)
    at Socket.emit (events.js:211:7)
    at addChunk (_stream_readable.js:263:12)
    at readableAddChunk (_stream_readable.js:250:11)
    at Socket.Readable.push (_stream_readable.js:208:10)
    at TCP.onread (net.js:594:20)
***************  node  error log end ***************

